2026-05-11 12:15:20 [info]: ✅ MongoDB Connected: localhost
2026-05-11 12:15:20 [info]: 
🚀 OnePWS Marketing API
   Mode:    development
   URL:     http://localhost:5000
   API:     http://localhost:5000/api
   Health:  http://localhost:5000/api/health
    
2026-05-11 14:38:51 [info]: ✅ MongoDB Connected: ac-yoesdyd-shard-00-00.koqfbyp.mongodb.net
2026-05-11 14:38:51 [info]: ✅ MongoDB Connected: ac-yoesdyd-shard-00-00.koqfbyp.mongodb.net
2026-05-11 14:38:51 [info]: 
🚀 OnePWS Marketing API
   Mode:    development
   URL:     http://localhost:5000
   API:     http://localhost:5000/api
   Health:  http://localhost:5000/api/health
    
2026-05-11 14:38:51 [info]: ✅ MongoDB Connected: ac-yoesdyd-shard-00-00.koqfbyp.mongodb.net
2026-05-11 14:38:51 [info]: ✅ MongoDB Connected: ac-yoesdyd-shard-00-00.koqfbyp.mongodb.net
2026-05-11 14:38:53 [info]: ✅ MongoDB Connected: ac-yoesdyd-shard-00-00.koqfbyp.mongodb.net
2026-05-11 14:38:59 [info]: ✅ MongoDB Connected: ac-yoesdyd-shard-00-02.koqfbyp.mongodb.net
2026-05-11 14:39:00 [info]: ✅ MongoDB Connected: ac-yoesdyd-shard-00-01.koqfbyp.mongodb.net
2026-05-11 14:39:00 [info]: ✅ MongoDB Connected: ac-yoesdyd-shard-00-00.koqfbyp.mongodb.net
2026-05-11 14:39:01 [info]: ✅ MongoDB Connected: ac-yoesdyd-shard-00-01.koqfbyp.mongodb.net
2026-05-11 14:39:03 [info]: ✅ MongoDB Connected: ac-yoesdyd-shard-00-02.koqfbyp.mongodb.net
2026-05-11 14:39:03 [info]: ✅ MongoDB Connected: ac-yoesdyd-shard-00-00.koqfbyp.mongodb.net
2026-05-11 14:39:09 [info]: ✅ MongoDB Connected: ac-yoesdyd-shard-00-00.koqfbyp.mongodb.net
2026-05-11 14:39:22 [info]: ✅ MongoDB Connected: ac-yoesdyd-shard-00-01.koqfbyp.mongodb.net
2026-05-11 14:39:22 [info]: 
🚀 OnePWS Marketing API
   Mode:    development
   URL:     http://localhost:5000
   API:     http://localhost:5000/api
   Health:  http://localhost:5000/api/health
    
2026-05-11 14:39:34 [info]: ✅ MongoDB Connected: ac-yoesdyd-shard-00-02.koqfbyp.mongodb.net
2026-05-11 14:40:28 [info]: ✅ MongoDB Connected: ac-yoesdyd-shard-00-02.koqfbyp.mongodb.net
2026-05-11 14:40:28 [info]: 
🚀 OnePWS Marketing API
   Mode:    development
   URL:     http://localhost:5000
   API:     http://localhost:5000/api
   Health:  http://localhost:5000/api/health
    
2026-05-11 14:43:33 [info]: ::1 - - [11/May/2026:09:13:33 +0000] "GET / HTTP/1.1" 404 48 "-" "Mozilla/5.0 (Windows NT 10.0; Win64; x64) AppleWebKit/537.36 (KHTML, like Gecko) Chrome/147.0.0.0 Safari/537.36"
2026-05-11 14:43:33 [info]: ::1 - - [11/May/2026:09:13:33 +0000] "GET /favicon.ico HTTP/1.1" 404 59 "-" "Mozilla/5.0 (Windows NT 10.0; Win64; x64) AppleWebKit/537.36 (KHTML, like Gecko) Chrome/147.0.0.0 Safari/537.36"
2026-05-11 15:29:44 [info]: ✅ MongoDB Connected: ac-yoesdyd-shard-00-01.koqfbyp.mongodb.net
2026-05-11 15:29:44 [info]: ✅ MongoDB Connected: ac-yoesdyd-shard-00-01.koqfbyp.mongodb.net
2026-05-11 15:29:44 [info]: ✅ MongoDB Connected: ac-yoesdyd-shard-00-01.koqfbyp.mongodb.net
2026-05-11 15:29:44 [info]: ✅ MongoDB Connected: ac-yoesdyd-shard-00-01.koqfbyp.mongodb.net
2026-05-11 15:29:44 [info]: ✅ MongoDB Connected: ac-yoesdyd-shard-00-01.koqfbyp.mongodb.net
2026-05-11 15:29:44 [info]: ✅ MongoDB Connected: ac-yoesdyd-shard-00-01.koqfbyp.mongodb.net
2026-05-11 15:29:44 [info]: ✅ MongoDB Connected: ac-yoesdyd-shard-00-02.koqfbyp.mongodb.net
2026-05-11 15:29:50 [info]: ✅ MongoDB Connected: ac-yoesdyd-shard-00-02.koqfbyp.mongodb.net
2026-05-11 15:29:50 [info]: ✅ MongoDB Connected: ac-yoesdyd-shard-00-00.koqfbyp.mongodb.net
2026-05-11 15:29:50 [info]: ✅ MongoDB Connected: ac-yoesdyd-shard-00-02.koqfbyp.mongodb.net
2026-05-11 15:29:50 [info]: ✅ MongoDB Connected: ac-yoesdyd-shard-00-02.koqfbyp.mongodb.net
2026-05-11 15:29:50 [info]: ✅ MongoDB Connected: ac-yoesdyd-shard-00-00.koqfbyp.mongodb.net
2026-05-11 15:29:51 [info]: ✅ MongoDB Connected: ac-yoesdyd-shard-00-02.koqfbyp.mongodb.net
2026-05-11 15:29:51 [info]: ✅ MongoDB Connected: ac-yoesdyd-shard-00-02.koqfbyp.mongodb.net
2026-05-11 15:51:19 [info]: ✅ MongoDB Connected: ac-yoesdyd-shard-00-00.koqfbyp.mongodb.net
2026-05-11 15:51:19 [info]: ✅ MongoDB Connected: ac-yoesdyd-shard-00-00.koqfbyp.mongodb.net
2026-05-11 15:51:19 [info]: ✅ MongoDB Connected: ac-yoesdyd-shard-00-00.koqfbyp.mongodb.net
2026-05-11 15:51:19 [info]: ✅ MongoDB Connected: ac-yoesdyd-shard-00-00.koqfbyp.mongodb.net
2026-05-11 15:51:19 [info]: ✅ MongoDB Connected: ac-yoesdyd-shard-00-00.koqfbyp.mongodb.net
2026-05-11 15:51:19 [info]: ✅ MongoDB Connected: ac-yoesdyd-shard-00-00.koqfbyp.mongodb.net
2026-05-11 15:51:19 [info]: ✅ MongoDB Connected: ac-yoesdyd-shard-00-00.koqfbyp.mongodb.net
2026-05-11 15:51:27 [info]: ✅ MongoDB Connected: ac-yoesdyd-shard-00-02.koqfbyp.mongodb.net
2026-05-11 15:51:27 [info]: ✅ MongoDB Connected: ac-yoesdyd-shard-00-01.koqfbyp.mongodb.net
2026-05-11 15:51:27 [info]: ✅ MongoDB Connected: ac-yoesdyd-shard-00-01.koqfbyp.mongodb.net
2026-05-11 15:51:27 [info]: ✅ MongoDB Connected: ac-yoesdyd-shard-00-00.koqfbyp.mongodb.net
2026-05-11 15:51:27 [info]: ✅ MongoDB Connected: ac-yoesdyd-shard-00-02.koqfbyp.mongodb.net
2026-05-11 15:51:27 [info]: ✅ MongoDB Connected: ac-yoesdyd-shard-00-00.koqfbyp.mongodb.net
2026-05-11 15:51:27 [info]: ✅ MongoDB Connected: ac-yoesdyd-shard-00-01.koqfbyp.mongodb.net
2026-05-11 15:55:55 [info]: ✅ MongoDB Connected: ac-yoesdyd-shard-00-00.koqfbyp.mongodb.net
2026-05-11 15:55:55 [info]: ✅ MongoDB Connected: ac-yoesdyd-shard-00-00.koqfbyp.mongodb.net
2026-05-11 15:55:55 [info]: ✅ MongoDB Connected: ac-yoesdyd-shard-00-00.koqfbyp.mongodb.net
2026-05-11 15:55:55 [info]: ✅ MongoDB Connected: ac-yoesdyd-shard-00-00.koqfbyp.mongodb.net
2026-05-11 15:55:55 [info]: ✅ MongoDB Connected: ac-yoesdyd-shard-00-00.koqfbyp.mongodb.net
2026-05-11 15:55:55 [info]: ✅ MongoDB Connected: ac-yoesdyd-shard-00-00.koqfbyp.mongodb.net
2026-05-11 15:55:55 [info]: ✅ MongoDB Connected: ac-yoesdyd-shard-00-00.koqfbyp.mongodb.net
2026-05-11 15:57:14 [info]: ✅ MongoDB Connected: ac-yoesdyd-shard-00-00.koqfbyp.mongodb.net
2026-05-11 15:57:14 [info]: ✅ MongoDB Connected: ac-yoesdyd-shard-00-01.koqfbyp.mongodb.net
2026-05-11 15:57:14 [info]: ✅ MongoDB Connected: ac-yoesdyd-shard-00-00.koqfbyp.mongodb.net
2026-05-11 15:57:14 [info]: ✅ MongoDB Connected: ac-yoesdyd-shard-00-00.koqfbyp.mongodb.net
2026-05-11 15:57:14 [info]: ✅ MongoDB Connected: ac-yoesdyd-shard-00-00.koqfbyp.mongodb.net
2026-05-11 15:57:14 [info]: ✅ MongoDB Connected: ac-yoesdyd-shard-00-00.koqfbyp.mongodb.net
2026-05-11 15:57:14 [info]: ✅ MongoDB Connected: ac-yoesdyd-shard-00-02.koqfbyp.mongodb.net
2026-05-11 15:59:11 [info]: ✅ MongoDB Connected: ac-yoesdyd-shard-00-00.koqfbyp.mongodb.net
2026-05-11 15:59:11 [info]: ✅ MongoDB Connected: ac-yoesdyd-shard-00-00.koqfbyp.mongodb.net
2026-05-11 15:59:11 [info]: ✅ MongoDB Connected: ac-yoesdyd-shard-00-00.koqfbyp.mongodb.net
2026-05-11 15:59:11 [info]: ✅ MongoDB Connected: ac-yoesdyd-shard-00-00.koqfbyp.mongodb.net
2026-05-11 15:59:12 [info]: ✅ MongoDB Connected: ac-yoesdyd-shard-00-00.koqfbyp.mongodb.net
2026-05-11 15:59:12 [info]: ✅ MongoDB Connected: ac-yoesdyd-shard-00-00.koqfbyp.mongodb.net
2026-05-11 15:59:12 [info]: ✅ MongoDB Connected: ac-yoesdyd-shard-00-00.koqfbyp.mongodb.net
2026-05-11 15:59:20 [info]: ✅ MongoDB Connected: ac-yoesdyd-shard-00-01.koqfbyp.mongodb.net
2026-05-11 15:59:20 [info]: ✅ MongoDB Connected: ac-yoesdyd-shard-00-00.koqfbyp.mongodb.net
2026-05-11 15:59:20 [info]: ✅ MongoDB Connected: ac-yoesdyd-shard-00-01.koqfbyp.mongodb.net
2026-05-11 15:59:20 [info]: ✅ MongoDB Connected: ac-yoesdyd-shard-00-02.koqfbyp.mongodb.net
2026-05-11 15:59:20 [info]: ✅ MongoDB Connected: ac-yoesdyd-shard-00-01.koqfbyp.mongodb.net
2026-05-11 15:59:20 [info]: ✅ MongoDB Connected: ac-yoesdyd-shard-00-00.koqfbyp.mongodb.net
2026-05-11 15:59:20 [info]: ✅ MongoDB Connected: ac-yoesdyd-shard-00-01.koqfbyp.mongodb.net
2026-05-11 16:03:14 [info]: ✅ MongoDB Connected: ac-yoesdyd-shard-00-00.koqfbyp.mongodb.net
2026-05-11 16:03:14 [info]: ✅ MongoDB Connected: ac-yoesdyd-shard-00-00.koqfbyp.mongodb.net
2026-05-11 16:03:14 [info]: ✅ MongoDB Connected: ac-yoesdyd-shard-00-00.koqfbyp.mongodb.net
2026-05-11 16:03:14 [info]: ✅ MongoDB Connected: ac-yoesdyd-shard-00-00.koqfbyp.mongodb.net
2026-05-11 16:03:14 [info]: ✅ MongoDB Connected: ac-yoesdyd-shard-00-00.koqfbyp.mongodb.net
2026-05-11 16:03:14 [info]: ✅ MongoDB Connected: ac-yoesdyd-shard-00-00.koqfbyp.mongodb.net
2026-05-11 16:03:14 [info]: ✅ MongoDB Connected: ac-yoesdyd-shard-00-00.koqfbyp.mongodb.net
2026-05-11 16:03:21 [info]: ✅ MongoDB Connected: ac-yoesdyd-shard-00-01.koqfbyp.mongodb.net
2026-05-11 16:03:22 [info]: ✅ MongoDB Connected: ac-yoesdyd-shard-00-00.koqfbyp.mongodb.net
2026-05-11 16:03:22 [info]: ✅ MongoDB Connected: ac-yoesdyd-shard-00-01.koqfbyp.mongodb.net
2026-05-11 16:03:22 [info]: ✅ MongoDB Connected: ac-yoesdyd-shard-00-02.koqfbyp.mongodb.net
2026-05-11 16:03:22 [info]: ✅ MongoDB Connected: ac-yoesdyd-shard-00-02.koqfbyp.mongodb.net
2026-05-11 16:03:22 [info]: ✅ MongoDB Connected: ac-yoesdyd-shard-00-02.koqfbyp.mongodb.net
2026-05-11 16:03:22 [info]: ✅ MongoDB Connected: ac-yoesdyd-shard-00-01.koqfbyp.mongodb.net
2026-05-11 16:10:31 [info]: ::1 - - [11/May/2026:10:40:31 +0000] "GET / HTTP/1.1" 404 48 "-" "Mozilla/5.0 (Windows NT 10.0; Win64; x64) AppleWebKit/537.36 (KHTML, like Gecko) Chrome/147.0.0.0 Safari/537.36"
2026-05-11 16:38:46 [info]: ✅ MongoDB Connected: ac-yoesdyd-shard-00-02.koqfbyp.mongodb.net
2026-05-11 16:38:46 [info]: ✅ MongoDB Connected: ac-yoesdyd-shard-00-01.koqfbyp.mongodb.net
2026-05-11 16:38:46 [info]: ✅ MongoDB Connected: ac-yoesdyd-shard-00-02.koqfbyp.mongodb.net
2026-05-11 16:38:46 [info]: ✅ MongoDB Connected: ac-yoesdyd-shard-00-02.koqfbyp.mongodb.net
2026-05-11 16:38:46 [info]: ✅ MongoDB Connected: ac-yoesdyd-shard-00-01.koqfbyp.mongodb.net
2026-05-11 16:38:46 [info]: ✅ MongoDB Connected: ac-yoesdyd-shard-00-02.koqfbyp.mongodb.net
2026-05-11 16:38:46 [info]: ✅ MongoDB Connected: ac-yoesdyd-shard-00-02.koqfbyp.mongodb.net
2026-05-11 16:39:00 [info]: ✅ MongoDB Connected: ac-yoesdyd-shard-00-00.koqfbyp.mongodb.net
2026-05-11 16:39:00 [info]: ✅ MongoDB Connected: ac-yoesdyd-shard-00-00.koqfbyp.mongodb.net
2026-05-11 16:39:00 [info]: ✅ MongoDB Connected: ac-yoesdyd-shard-00-00.koqfbyp.mongodb.net
2026-05-11 16:39:00 [info]: ✅ MongoDB Connected: ac-yoesdyd-shard-00-00.koqfbyp.mongodb.net
2026-05-11 16:39:00 [info]: ✅ MongoDB Connected: ac-yoesdyd-shard-00-00.koqfbyp.mongodb.net
2026-05-11 16:39:01 [info]: ✅ MongoDB Connected: ac-yoesdyd-shard-00-00.koqfbyp.mongodb.net
2026-05-11 16:39:01 [info]: ✅ MongoDB Connected: ac-yoesdyd-shard-00-00.koqfbyp.mongodb.net
2026-05-11 16:42:24 [info]: ✅ MongoDB Connected: ac-yoesdyd-shard-00-01.koqfbyp.mongodb.net
2026-05-11 16:42:24 [info]: ✅ MongoDB Connected: ac-yoesdyd-shard-00-01.koqfbyp.mongodb.net
2026-05-11 16:42:24 [info]: ✅ MongoDB Connected: ac-yoesdyd-shard-00-02.koqfbyp.mongodb.net
2026-05-11 16:42:24 [info]: ✅ MongoDB Connected: ac-yoesdyd-shard-00-02.koqfbyp.mongodb.net
2026-05-11 16:42:24 [info]: ✅ MongoDB Connected: ac-yoesdyd-shard-00-00.koqfbyp.mongodb.net
2026-05-11 16:42:24 [info]: ✅ MongoDB Connected: ac-yoesdyd-shard-00-00.koqfbyp.mongodb.net
2026-05-11 16:42:24 [info]: ✅ MongoDB Connected: ac-yoesdyd-shard-00-02.koqfbyp.mongodb.net
2026-05-11 16:42:33 [info]: ✅ MongoDB Connected: ac-yoesdyd-shard-00-00.koqfbyp.mongodb.net
2026-05-11 16:42:33 [info]: ✅ MongoDB Connected: ac-yoesdyd-shard-00-02.koqfbyp.mongodb.net
2026-05-11 16:42:33 [info]: ✅ MongoDB Connected: ac-yoesdyd-shard-00-00.koqfbyp.mongodb.net
2026-05-11 16:42:33 [info]: ✅ MongoDB Connected: ac-yoesdyd-shard-00-02.koqfbyp.mongodb.net
2026-05-11 16:42:33 [info]: ✅ MongoDB Connected: ac-yoesdyd-shard-00-00.koqfbyp.mongodb.net
2026-05-11 16:42:33 [info]: ✅ MongoDB Connected: ac-yoesdyd-shard-00-01.koqfbyp.mongodb.net
2026-05-11 16:42:33 [info]: ✅ MongoDB Connected: ac-yoesdyd-shard-00-02.koqfbyp.mongodb.net
2026-05-11 16:42:43 [info]: ✅ MongoDB Connected: ac-yoesdyd-shard-00-01.koqfbyp.mongodb.net
2026-05-11 16:42:43 [info]: ✅ MongoDB Connected: ac-yoesdyd-shard-00-00.koqfbyp.mongodb.net
2026-05-11 16:42:43 [info]: ✅ MongoDB Connected: ac-yoesdyd-shard-00-02.koqfbyp.mongodb.net
2026-05-11 16:42:43 [info]: ✅ MongoDB Connected: ac-yoesdyd-shard-00-02.koqfbyp.mongodb.net
2026-05-11 16:42:43 [info]: ✅ MongoDB Connected: ac-yoesdyd-shard-00-01.koqfbyp.mongodb.net
2026-05-11 16:42:43 [info]: ✅ MongoDB Connected: ac-yoesdyd-shard-00-00.koqfbyp.mongodb.net
2026-05-11 16:42:43 [info]: ✅ MongoDB Connected: ac-yoesdyd-shard-00-00.koqfbyp.mongodb.net
2026-05-11 16:42:52 [info]: ✅ MongoDB Connected: ac-yoesdyd-shard-00-02.koqfbyp.mongodb.net
2026-05-11 16:42:52 [info]: ✅ MongoDB Connected: ac-yoesdyd-shard-00-00.koqfbyp.mongodb.net
2026-05-11 16:42:52 [info]: ✅ MongoDB Connected: ac-yoesdyd-shard-00-02.koqfbyp.mongodb.net
2026-05-11 16:42:52 [info]: ✅ MongoDB Connected: ac-yoesdyd-shard-00-01.koqfbyp.mongodb.net
2026-05-11 16:42:52 [info]: ✅ MongoDB Connected: ac-yoesdyd-shard-00-01.koqfbyp.mongodb.net
2026-05-11 16:42:52 [info]: ✅ MongoDB Connected: ac-yoesdyd-shard-00-00.koqfbyp.mongodb.net
2026-05-11 16:42:52 [info]: ✅ MongoDB Connected: ac-yoesdyd-shard-00-02.koqfbyp.mongodb.net
2026-05-11 16:43:12 [info]: ✅ MongoDB Connected: ac-yoesdyd-shard-00-00.koqfbyp.mongodb.net
2026-05-11 16:43:12 [info]: ✅ MongoDB Connected: ac-yoesdyd-shard-00-01.koqfbyp.mongodb.net
2026-05-11 16:43:12 [info]: ✅ MongoDB Connected: ac-yoesdyd-shard-00-01.koqfbyp.mongodb.net
2026-05-11 16:43:12 [info]: ✅ MongoDB Connected: ac-yoesdyd-shard-00-00.koqfbyp.mongodb.net
2026-05-11 16:43:12 [info]: ✅ MongoDB Connected: ac-yoesdyd-shard-00-01.koqfbyp.mongodb.net
2026-05-11 16:43:12 [info]: ✅ MongoDB Connected: ac-yoesdyd-shard-00-02.koqfbyp.mongodb.net
2026-05-11 16:43:12 [info]: ✅ MongoDB Connected: ac-yoesdyd-shard-00-00.koqfbyp.mongodb.net
2026-05-11 16:43:50 [info]: ✅ MongoDB Connected: ac-yoesdyd-shard-00-01.koqfbyp.mongodb.net
2026-05-11 16:43:50 [info]: ✅ MongoDB Connected: ac-yoesdyd-shard-00-00.koqfbyp.mongodb.net
2026-05-11 16:43:50 [info]: ✅ MongoDB Connected: ac-yoesdyd-shard-00-02.koqfbyp.mongodb.net
2026-05-11 16:43:50 [info]: ✅ MongoDB Connected: ac-yoesdyd-shard-00-00.koqfbyp.mongodb.net
2026-05-11 16:43:50 [info]: ✅ MongoDB Connected: ac-yoesdyd-shard-00-01.koqfbyp.mongodb.net
2026-05-11 16:43:50 [info]: ✅ MongoDB Connected: ac-yoesdyd-shard-00-01.koqfbyp.mongodb.net
2026-05-11 16:43:50 [info]: ✅ MongoDB Connected: ac-yoesdyd-shard-00-01.koqfbyp.mongodb.net
2026-05-11 16:44:17 [info]: ✅ MongoDB Connected: ac-yoesdyd-shard-00-01.koqfbyp.mongodb.net
2026-05-11 16:44:17 [info]: ✅ MongoDB Connected: ac-yoesdyd-shard-00-01.koqfbyp.mongodb.net
2026-05-11 16:44:17 [info]: ✅ MongoDB Connected: ac-yoesdyd-shard-00-02.koqfbyp.mongodb.net
2026-05-11 16:44:17 [info]: ✅ MongoDB Connected: ac-yoesdyd-shard-00-00.koqfbyp.mongodb.net
2026-05-11 16:44:17 [info]: ✅ MongoDB Connected: ac-yoesdyd-shard-00-00.koqfbyp.mongodb.net
2026-05-11 16:44:17 [info]: ✅ MongoDB Connected: ac-yoesdyd-shard-00-01.koqfbyp.mongodb.net
2026-05-11 16:44:17 [info]: ✅ MongoDB Connected: ac-yoesdyd-shard-00-00.koqfbyp.mongodb.net
2026-05-11 16:44:28 [info]: ✅ MongoDB Connected: ac-yoesdyd-shard-00-01.koqfbyp.mongodb.net
2026-05-11 16:44:28 [info]: ✅ MongoDB Connected: ac-yoesdyd-shard-00-02.koqfbyp.mongodb.net
2026-05-11 16:44:28 [info]: ✅ MongoDB Connected: ac-yoesdyd-shard-00-00.koqfbyp.mongodb.net
2026-05-11 16:44:28 [info]: ✅ MongoDB Connected: ac-yoesdyd-shard-00-01.koqfbyp.mongodb.net
2026-05-11 16:44:28 [info]: ✅ MongoDB Connected: ac-yoesdyd-shard-00-02.koqfbyp.mongodb.net
2026-05-11 16:44:28 [info]: ✅ MongoDB Connected: ac-yoesdyd-shard-00-02.koqfbyp.mongodb.net
2026-05-11 16:44:28 [info]: ✅ MongoDB Connected: ac-yoesdyd-shard-00-00.koqfbyp.mongodb.net
2026-05-11 16:44:36 [info]: ✅ MongoDB Connected: ac-yoesdyd-shard-00-02.koqfbyp.mongodb.net
2026-05-11 16:44:36 [info]: ✅ MongoDB Connected: ac-yoesdyd-shard-00-01.koqfbyp.mongodb.net
2026-05-11 16:44:36 [info]: ✅ MongoDB Connected: ac-yoesdyd-shard-00-00.koqfbyp.mongodb.net
2026-05-11 16:44:36 [info]: ✅ MongoDB Connected: ac-yoesdyd-shard-00-02.koqfbyp.mongodb.net
2026-05-11 16:44:36 [info]: ✅ MongoDB Connected: ac-yoesdyd-shard-00-00.koqfbyp.mongodb.net
2026-05-11 16:44:36 [info]: ✅ MongoDB Connected: ac-yoesdyd-shard-00-01.koqfbyp.mongodb.net
2026-05-11 16:44:36 [info]: ✅ MongoDB Connected: ac-yoesdyd-shard-00-02.koqfbyp.mongodb.net
2026-05-11 16:44:45 [info]: ✅ MongoDB Connected: ac-yoesdyd-shard-00-01.koqfbyp.mongodb.net
2026-05-11 16:44:45 [info]: ✅ MongoDB Connected: ac-yoesdyd-shard-00-00.koqfbyp.mongodb.net
2026-05-11 16:44:45 [info]: ✅ MongoDB Connected: ac-yoesdyd-shard-00-02.koqfbyp.mongodb.net
2026-05-11 16:44:45 [info]: ✅ MongoDB Connected: ac-yoesdyd-shard-00-02.koqfbyp.mongodb.net
2026-05-11 16:44:45 [info]: ✅ MongoDB Connected: ac-yoesdyd-shard-00-01.koqfbyp.mongodb.net
2026-05-11 16:44:45 [info]: ✅ MongoDB Connected: ac-yoesdyd-shard-00-02.koqfbyp.mongodb.net
2026-05-11 16:44:45 [info]: ✅ MongoDB Connected: ac-yoesdyd-shard-00-02.koqfbyp.mongodb.net
2026-05-11 16:45:17 [info]: ✅ MongoDB Connected: ac-yoesdyd-shard-00-00.koqfbyp.mongodb.net
2026-05-11 16:45:18 [info]: ✅ MongoDB Connected: ac-yoesdyd-shard-00-00.koqfbyp.mongodb.net
2026-05-11 16:45:18 [info]: ✅ MongoDB Connected: ac-yoesdyd-shard-00-01.koqfbyp.mongodb.net
2026-05-11 16:45:18 [info]: ✅ MongoDB Connected: ac-yoesdyd-shard-00-02.koqfbyp.mongodb.net
2026-05-11 16:45:18 [info]: ✅ MongoDB Connected: ac-yoesdyd-shard-00-00.koqfbyp.mongodb.net
2026-05-11 16:45:18 [info]: ✅ MongoDB Connected: ac-yoesdyd-shard-00-01.koqfbyp.mongodb.net
2026-05-11 16:45:18 [info]: ✅ MongoDB Connected: ac-yoesdyd-shard-00-02.koqfbyp.mongodb.net
2026-05-11 16:45:30 [info]: ✅ MongoDB Connected: ac-yoesdyd-shard-00-00.koqfbyp.mongodb.net
2026-05-11 16:45:31 [info]: ✅ MongoDB Connected: ac-yoesdyd-shard-00-02.koqfbyp.mongodb.net
2026-05-11 16:45:31 [info]: ✅ MongoDB Connected: ac-yoesdyd-shard-00-01.koqfbyp.mongodb.net
2026-05-11 16:45:31 [info]: ✅ MongoDB Connected: ac-yoesdyd-shard-00-00.koqfbyp.mongodb.net
2026-05-11 16:45:31 [info]: ✅ MongoDB Connected: ac-yoesdyd-shard-00-01.koqfbyp.mongodb.net
2026-05-11 16:45:31 [info]: ✅ MongoDB Connected: ac-yoesdyd-shard-00-02.koqfbyp.mongodb.net
2026-05-11 16:45:32 [info]: ✅ MongoDB Connected: ac-yoesdyd-shard-00-00.koqfbyp.mongodb.net
2026-05-11 16:46:34 [info]: ✅ MongoDB Connected: ac-yoesdyd-shard-00-00.koqfbyp.mongodb.net
2026-05-11 16:46:34 [info]: ✅ MongoDB Connected: ac-yoesdyd-shard-00-00.koqfbyp.mongodb.net
2026-05-11 16:46:34 [info]: ✅ MongoDB Connected: ac-yoesdyd-shard-00-00.koqfbyp.mongodb.net
2026-05-11 16:46:34 [info]: ✅ MongoDB Connected: ac-yoesdyd-shard-00-00.koqfbyp.mongodb.net
2026-05-11 16:46:34 [info]: ✅ MongoDB Connected: ac-yoesdyd-shard-00-00.koqfbyp.mongodb.net
2026-05-11 16:46:34 [info]: ✅ MongoDB Connected: ac-yoesdyd-shard-00-00.koqfbyp.mongodb.net
2026-05-11 16:46:34 [info]: ✅ MongoDB Connected: ac-yoesdyd-shard-00-00.koqfbyp.mongodb.net
2026-05-11 16:49:24 [info]: ✅ MongoDB Connected: ac-yoesdyd-shard-00-02.koqfbyp.mongodb.net
2026-05-11 16:49:24 [info]: ✅ MongoDB Connected: ac-yoesdyd-shard-00-02.koqfbyp.mongodb.net
2026-05-11 16:49:24 [info]: ✅ MongoDB Connected: ac-yoesdyd-shard-00-02.koqfbyp.mongodb.net
2026-05-11 16:49:24 [info]: ✅ MongoDB Connected: ac-yoesdyd-shard-00-02.koqfbyp.mongodb.net
2026-05-11 16:49:24 [info]: ✅ MongoDB Connected: ac-yoesdyd-shard-00-02.koqfbyp.mongodb.net
2026-05-11 16:49:24 [info]: ✅ MongoDB Connected: ac-yoesdyd-shard-00-02.koqfbyp.mongodb.net
2026-05-11 16:49:24 [info]: ✅ MongoDB Connected: ac-yoesdyd-shard-00-02.koqfbyp.mongodb.net
2026-05-11 16:49:33 [info]: ✅ MongoDB Connected: ac-yoesdyd-shard-00-01.koqfbyp.mongodb.net
2026-05-11 16:49:33 [info]: ✅ MongoDB Connected: ac-yoesdyd-shard-00-01.koqfbyp.mongodb.net
2026-05-11 16:49:33 [info]: ✅ MongoDB Connected: ac-yoesdyd-shard-00-02.koqfbyp.mongodb.net
2026-05-11 16:49:33 [info]: ✅ MongoDB Connected: ac-yoesdyd-shard-00-02.koqfbyp.mongodb.net
2026-05-11 16:49:33 [info]: ✅ MongoDB Connected: ac-yoesdyd-shard-00-02.koqfbyp.mongodb.net
2026-05-11 16:49:33 [info]: ✅ MongoDB Connected: ac-yoesdyd-shard-00-02.koqfbyp.mongodb.net
2026-05-11 16:49:33 [info]: ✅ MongoDB Connected: ac-yoesdyd-shard-00-02.koqfbyp.mongodb.net
2026-05-11 16:50:31 [info]: ✅ MongoDB Connected: ac-yoesdyd-shard-00-00.koqfbyp.mongodb.net
2026-05-11 16:50:31 [info]: ✅ MongoDB Connected: ac-yoesdyd-shard-00-00.koqfbyp.mongodb.net
2026-05-11 16:50:31 [info]: ✅ MongoDB Connected: ac-yoesdyd-shard-00-00.koqfbyp.mongodb.net
2026-05-11 16:50:31 [info]: ✅ MongoDB Connected: ac-yoesdyd-shard-00-00.koqfbyp.mongodb.net
2026-05-11 16:50:31 [info]: ✅ MongoDB Connected: ac-yoesdyd-shard-00-00.koqfbyp.mongodb.net
2026-05-11 16:50:31 [info]: ✅ MongoDB Connected: ac-yoesdyd-shard-00-00.koqfbyp.mongodb.net
2026-05-11 16:50:31 [info]: ✅ MongoDB Connected: ac-yoesdyd-shard-00-00.koqfbyp.mongodb.net
2026-05-11 16:51:11 [info]: ✅ MongoDB Connected: ac-yoesdyd-shard-00-01.koqfbyp.mongodb.net
2026-05-11 16:51:11 [info]: ✅ MongoDB Connected: ac-yoesdyd-shard-00-01.koqfbyp.mongodb.net
2026-05-11 16:51:11 [info]: ✅ MongoDB Connected: ac-yoesdyd-shard-00-00.koqfbyp.mongodb.net
2026-05-11 16:51:11 [info]: ✅ MongoDB Connected: ac-yoesdyd-shard-00-00.koqfbyp.mongodb.net
2026-05-11 16:51:11 [info]: ✅ MongoDB Connected: ac-yoesdyd-shard-00-00.koqfbyp.mongodb.net
2026-05-11 16:51:11 [info]: ✅ MongoDB Connected: ac-yoesdyd-shard-00-00.koqfbyp.mongodb.net
2026-05-11 16:51:11 [info]: ✅ MongoDB Connected: ac-yoesdyd-shard-00-01.koqfbyp.mongodb.net
2026-05-11 16:51:19 [info]: ✅ MongoDB Connected: ac-yoesdyd-shard-00-02.koqfbyp.mongodb.net
2026-05-11 16:51:19 [info]: ✅ MongoDB Connected: ac-yoesdyd-shard-00-01.koqfbyp.mongodb.net
2026-05-11 16:51:19 [info]: ✅ MongoDB Connected: ac-yoesdyd-shard-00-02.koqfbyp.mongodb.net
2026-05-11 16:51:19 [info]: ✅ MongoDB Connected: ac-yoesdyd-shard-00-01.koqfbyp.mongodb.net
2026-05-11 16:51:20 [info]: ✅ MongoDB Connected: ac-yoesdyd-shard-00-02.koqfbyp.mongodb.net
2026-05-11 16:51:20 [info]: ✅ MongoDB Connected: ac-yoesdyd-shard-00-00.koqfbyp.mongodb.net
2026-05-11 16:51:20 [info]: ✅ MongoDB Connected: ac-yoesdyd-shard-00-00.koqfbyp.mongodb.net
2026-05-11 16:51:31 [info]: ✅ MongoDB Connected: ac-yoesdyd-shard-00-00.koqfbyp.mongodb.net
2026-05-11 16:51:31 [info]: ✅ MongoDB Connected: ac-yoesdyd-shard-00-00.koqfbyp.mongodb.net
2026-05-11 16:51:31 [info]: ✅ MongoDB Connected: ac-yoesdyd-shard-00-02.koqfbyp.mongodb.net
2026-05-11 16:51:31 [info]: ✅ MongoDB Connected: ac-yoesdyd-shard-00-02.koqfbyp.mongodb.net
2026-05-11 16:51:31 [info]: ✅ MongoDB Connected: ac-yoesdyd-shard-00-02.koqfbyp.mongodb.net
2026-05-11 16:51:31 [info]: ✅ MongoDB Connected: ac-yoesdyd-shard-00-02.koqfbyp.mongodb.net
2026-05-11 16:51:31 [info]: ✅ MongoDB Connected: ac-yoesdyd-shard-00-02.koqfbyp.mongodb.net
2026-05-11 16:51:44 [info]: ✅ MongoDB Connected: ac-yoesdyd-shard-00-02.koqfbyp.mongodb.net
2026-05-11 16:51:44 [info]: ✅ MongoDB Connected: ac-yoesdyd-shard-00-02.koqfbyp.mongodb.net
2026-05-11 16:51:44 [info]: ✅ MongoDB Connected: ac-yoesdyd-shard-00-02.koqfbyp.mongodb.net
2026-05-11 16:51:44 [info]: ✅ MongoDB Connected: ac-yoesdyd-shard-00-02.koqfbyp.mongodb.net
2026-05-11 16:51:44 [info]: ✅ MongoDB Connected: ac-yoesdyd-shard-00-02.koqfbyp.mongodb.net
2026-05-11 16:51:44 [info]: ✅ MongoDB Connected: ac-yoesdyd-shard-00-02.koqfbyp.mongodb.net
2026-05-11 16:51:44 [info]: ✅ MongoDB Connected: ac-yoesdyd-shard-00-02.koqfbyp.mongodb.net
2026-05-11 16:51:52 [info]: ✅ MongoDB Connected: ac-yoesdyd-shard-00-01.koqfbyp.mongodb.net
2026-05-11 16:51:52 [info]: ✅ MongoDB Connected: ac-yoesdyd-shard-00-01.koqfbyp.mongodb.net
2026-05-11 16:51:52 [info]: ✅ MongoDB Connected: ac-yoesdyd-shard-00-01.koqfbyp.mongodb.net
2026-05-11 16:51:52 [info]: ✅ MongoDB Connected: ac-yoesdyd-shard-00-01.koqfbyp.mongodb.net
2026-05-11 16:51:52 [info]: ✅ MongoDB Connected: ac-yoesdyd-shard-00-00.koqfbyp.mongodb.net
2026-05-11 16:51:52 [info]: ✅ MongoDB Connected: ac-yoesdyd-shard-00-00.koqfbyp.mongodb.net
2026-05-11 16:51:52 [info]: ✅ MongoDB Connected: ac-yoesdyd-shard-00-01.koqfbyp.mongodb.net
2026-05-11 16:51:59 [info]: ✅ MongoDB Connected: ac-yoesdyd-shard-00-00.koqfbyp.mongodb.net
2026-05-11 16:51:59 [info]: ✅ MongoDB Connected: ac-yoesdyd-shard-00-00.koqfbyp.mongodb.net
2026-05-11 16:51:59 [info]: ✅ MongoDB Connected: ac-yoesdyd-shard-00-01.koqfbyp.mongodb.net
2026-05-11 16:51:59 [info]: ✅ MongoDB Connected: ac-yoesdyd-shard-00-01.koqfbyp.mongodb.net
2026-05-11 16:51:59 [info]: ✅ MongoDB Connected: ac-yoesdyd-shard-00-02.koqfbyp.mongodb.net
2026-05-11 16:52:00 [info]: ✅ MongoDB Connected: ac-yoesdyd-shard-00-01.koqfbyp.mongodb.net
2026-05-11 16:52:00 [info]: ✅ MongoDB Connected: ac-yoesdyd-shard-00-01.koqfbyp.mongodb.net
2026-05-11 16:52:07 [info]: ✅ MongoDB Connected: ac-yoesdyd-shard-00-02.koqfbyp.mongodb.net
2026-05-11 16:52:07 [info]: ✅ MongoDB Connected: ac-yoesdyd-shard-00-02.koqfbyp.mongodb.net
2026-05-11 16:52:07 [info]: ✅ MongoDB Connected: ac-yoesdyd-shard-00-00.koqfbyp.mongodb.net
2026-05-11 16:52:07 [info]: ✅ MongoDB Connected: ac-yoesdyd-shard-00-01.koqfbyp.mongodb.net
2026-05-11 16:52:07 [info]: ✅ MongoDB Connected: ac-yoesdyd-shard-00-00.koqfbyp.mongodb.net
2026-05-11 16:52:07 [info]: ✅ MongoDB Connected: ac-yoesdyd-shard-00-01.koqfbyp.mongodb.net
2026-05-11 16:52:07 [info]: ✅ MongoDB Connected: ac-yoesdyd-shard-00-01.koqfbyp.mongodb.net
2026-05-11 16:52:23 [info]: ✅ MongoDB Connected: ac-yoesdyd-shard-00-01.koqfbyp.mongodb.net
2026-05-11 16:52:24 [info]: ✅ MongoDB Connected: ac-yoesdyd-shard-00-01.koqfbyp.mongodb.net
2026-05-11 16:52:24 [info]: ✅ MongoDB Connected: ac-yoesdyd-shard-00-02.koqfbyp.mongodb.net
2026-05-11 16:52:24 [info]: ✅ MongoDB Connected: ac-yoesdyd-shard-00-02.koqfbyp.mongodb.net
2026-05-11 16:52:24 [info]: ✅ MongoDB Connected: ac-yoesdyd-shard-00-00.koqfbyp.mongodb.net
2026-05-11 16:52:24 [info]: ✅ MongoDB Connected: ac-yoesdyd-shard-00-00.koqfbyp.mongodb.net
2026-05-11 16:52:24 [info]: ✅ MongoDB Connected: ac-yoesdyd-shard-00-01.koqfbyp.mongodb.net
2026-05-11 16:52:37 [info]: ✅ MongoDB Connected: ac-yoesdyd-shard-00-00.koqfbyp.mongodb.net
2026-05-11 16:52:37 [info]: ✅ MongoDB Connected: ac-yoesdyd-shard-00-00.koqfbyp.mongodb.net
2026-05-11 16:52:37 [info]: ✅ MongoDB Connected: ac-yoesdyd-shard-00-00.koqfbyp.mongodb.net
2026-05-11 16:52:37 [info]: ✅ MongoDB Connected: ac-yoesdyd-shard-00-00.koqfbyp.mongodb.net
2026-05-11 16:52:37 [info]: ✅ MongoDB Connected: ac-yoesdyd-shard-00-02.koqfbyp.mongodb.net
2026-05-11 16:52:37 [info]: ✅ MongoDB Connected: ac-yoesdyd-shard-00-02.koqfbyp.mongodb.net
2026-05-11 16:52:37 [info]: ✅ MongoDB Connected: ac-yoesdyd-shard-00-00.koqfbyp.mongodb.net
2026-05-11 16:52:45 [info]: ✅ MongoDB Connected: ac-yoesdyd-shard-00-02.koqfbyp.mongodb.net
2026-05-11 16:52:45 [info]: ✅ MongoDB Connected: ac-yoesdyd-shard-00-02.koqfbyp.mongodb.net
2026-05-11 16:52:46 [info]: ✅ MongoDB Connected: ac-yoesdyd-shard-00-00.koqfbyp.mongodb.net
2026-05-11 16:52:46 [info]: ✅ MongoDB Connected: ac-yoesdyd-shard-00-00.koqfbyp.mongodb.net
2026-05-11 16:52:46 [info]: ✅ MongoDB Connected: ac-yoesdyd-shard-00-00.koqfbyp.mongodb.net
2026-05-11 16:52:46 [info]: ✅ MongoDB Connected: ac-yoesdyd-shard-00-00.koqfbyp.mongodb.net
2026-05-11 16:52:46 [info]: ✅ MongoDB Connected: ac-yoesdyd-shard-00-00.koqfbyp.mongodb.net
2026-05-11 16:52:56 [info]: ✅ MongoDB Connected: ac-yoesdyd-shard-00-02.koqfbyp.mongodb.net
2026-05-11 16:52:56 [info]: ✅ MongoDB Connected: ac-yoesdyd-shard-00-02.koqfbyp.mongodb.net
2026-05-11 16:52:56 [info]: ✅ MongoDB Connected: ac-yoesdyd-shard-00-01.koqfbyp.mongodb.net
2026-05-11 16:52:56 [info]: ✅ MongoDB Connected: ac-yoesdyd-shard-00-01.koqfbyp.mongodb.net
2026-05-11 16:52:56 [info]: ✅ MongoDB Connected: ac-yoesdyd-shard-00-00.koqfbyp.mongodb.net
2026-05-11 16:52:56 [info]: ✅ MongoDB Connected: ac-yoesdyd-shard-00-00.koqfbyp.mongodb.net
2026-05-11 16:52:56 [info]: ✅ MongoDB Connected: ac-yoesdyd-shard-00-02.koqfbyp.mongodb.net
2026-05-11 16:53:09 [info]: ✅ MongoDB Connected: ac-yoesdyd-shard-00-00.koqfbyp.mongodb.net
2026-05-11 16:53:09 [info]: ✅ MongoDB Connected: ac-yoesdyd-shard-00-00.koqfbyp.mongodb.net
2026-05-11 16:53:09 [info]: ✅ MongoDB Connected: ac-yoesdyd-shard-00-00.koqfbyp.mongodb.net
2026-05-11 16:53:09 [info]: ✅ MongoDB Connected: ac-yoesdyd-shard-00-00.koqfbyp.mongodb.net
2026-05-11 16:53:09 [info]: ✅ MongoDB Connected: ac-yoesdyd-shard-00-00.koqfbyp.mongodb.net
2026-05-11 16:53:09 [info]: ✅ MongoDB Connected: ac-yoesdyd-shard-00-02.koqfbyp.mongodb.net
2026-05-11 16:53:09 [info]: ✅ MongoDB Connected: ac-yoesdyd-shard-00-02.koqfbyp.mongodb.net
2026-05-11 16:53:52 [info]: ✅ MongoDB Connected: ac-yoesdyd-shard-00-00.koqfbyp.mongodb.net
2026-05-11 16:53:52 [info]: ✅ MongoDB Connected: ac-yoesdyd-shard-00-02.koqfbyp.mongodb.net
2026-05-11 16:53:52 [info]: ✅ MongoDB Connected: ac-yoesdyd-shard-00-00.koqfbyp.mongodb.net
2026-05-11 16:53:52 [info]: ✅ MongoDB Connected: ac-yoesdyd-shard-00-02.koqfbyp.mongodb.net
2026-05-11 16:53:52 [info]: ✅ MongoDB Connected: ac-yoesdyd-shard-00-01.koqfbyp.mongodb.net
2026-05-11 16:53:52 [info]: ✅ MongoDB Connected: ac-yoesdyd-shard-00-01.koqfbyp.mongodb.net
2026-05-11 16:53:52 [info]: ✅ MongoDB Connected: ac-yoesdyd-shard-00-02.koqfbyp.mongodb.net
2026-05-11 16:54:03 [info]: ✅ MongoDB Connected: ac-yoesdyd-shard-00-01.koqfbyp.mongodb.net
2026-05-11 16:54:03 [info]: ✅ MongoDB Connected: ac-yoesdyd-shard-00-01.koqfbyp.mongodb.net
2026-05-11 16:54:03 [info]: ✅ MongoDB Connected: ac-yoesdyd-shard-00-02.koqfbyp.mongodb.net
2026-05-11 16:54:03 [info]: ✅ MongoDB Connected: ac-yoesdyd-shard-00-02.koqfbyp.mongodb.net
2026-05-11 16:54:03 [info]: ✅ MongoDB Connected: ac-yoesdyd-shard-00-00.koqfbyp.mongodb.net
2026-05-11 16:54:03 [info]: ✅ MongoDB Connected: ac-yoesdyd-shard-00-00.koqfbyp.mongodb.net
2026-05-11 16:54:03 [info]: ✅ MongoDB Connected: ac-yoesdyd-shard-00-01.koqfbyp.mongodb.net
2026-05-11 16:54:14 [info]: ✅ MongoDB Connected: ac-yoesdyd-shard-00-00.koqfbyp.mongodb.net
2026-05-11 16:54:14 [info]: ✅ MongoDB Connected: ac-yoesdyd-shard-00-00.koqfbyp.mongodb.net
2026-05-11 16:54:14 [info]: ✅ MongoDB Connected: ac-yoesdyd-shard-00-02.koqfbyp.mongodb.net
2026-05-11 16:54:14 [info]: ✅ MongoDB Connected: ac-yoesdyd-shard-00-00.koqfbyp.mongodb.net
2026-05-11 16:54:14 [info]: ✅ MongoDB Connected: ac-yoesdyd-shard-00-02.koqfbyp.mongodb.net
2026-05-11 16:54:14 [info]: ✅ MongoDB Connected: ac-yoesdyd-shard-00-01.koqfbyp.mongodb.net
2026-05-11 16:54:14 [info]: ✅ MongoDB Connected: ac-yoesdyd-shard-00-01.koqfbyp.mongodb.net
2026-05-11 16:54:33 [info]: ✅ MongoDB Connected: ac-yoesdyd-shard-00-01.koqfbyp.mongodb.net
2026-05-11 16:54:33 [info]: ✅ MongoDB Connected: ac-yoesdyd-shard-00-01.koqfbyp.mongodb.net
2026-05-11 16:54:33 [info]: ✅ MongoDB Connected: ac-yoesdyd-shard-00-02.koqfbyp.mongodb.net
2026-05-11 16:54:33 [info]: ✅ MongoDB Connected: ac-yoesdyd-shard-00-01.koqfbyp.mongodb.net
2026-05-11 16:54:33 [info]: ✅ MongoDB Connected: ac-yoesdyd-shard-00-01.koqfbyp.mongodb.net
2026-05-11 16:54:33 [info]: ✅ MongoDB Connected: ac-yoesdyd-shard-00-01.koqfbyp.mongodb.net
2026-05-11 16:54:33 [info]: ✅ MongoDB Connected: ac-yoesdyd-shard-00-02.koqfbyp.mongodb.net
2026-05-11 16:54:45 [info]: ✅ MongoDB Connected: ac-yoesdyd-shard-00-01.koqfbyp.mongodb.net
2026-05-11 16:54:45 [info]: ✅ MongoDB Connected: ac-yoesdyd-shard-00-01.koqfbyp.mongodb.net
2026-05-11 16:54:45 [info]: ✅ MongoDB Connected: ac-yoesdyd-shard-00-02.koqfbyp.mongodb.net
2026-05-11 16:54:45 [info]: ✅ MongoDB Connected: ac-yoesdyd-shard-00-00.koqfbyp.mongodb.net
2026-05-11 16:54:45 [info]: ✅ MongoDB Connected: ac-yoesdyd-shard-00-02.koqfbyp.mongodb.net
2026-05-11 16:54:45 [info]: ✅ MongoDB Connected: ac-yoesdyd-shard-00-00.koqfbyp.mongodb.net
2026-05-11 16:54:45 [info]: ✅ MongoDB Connected: ac-yoesdyd-shard-00-01.koqfbyp.mongodb.net
2026-05-11 16:54:53 [info]: ✅ MongoDB Connected: ac-yoesdyd-shard-00-02.koqfbyp.mongodb.net
2026-05-11 16:54:53 [info]: ✅ MongoDB Connected: ac-yoesdyd-shard-00-02.koqfbyp.mongodb.net
2026-05-11 16:54:53 [info]: ✅ MongoDB Connected: ac-yoesdyd-shard-00-00.koqfbyp.mongodb.net
2026-05-11 16:54:53 [info]: ✅ MongoDB Connected: ac-yoesdyd-shard-00-01.koqfbyp.mongodb.net
2026-05-11 16:54:53 [info]: ✅ MongoDB Connected: ac-yoesdyd-shard-00-00.koqfbyp.mongodb.net
2026-05-11 16:54:53 [info]: ✅ MongoDB Connected: ac-yoesdyd-shard-00-01.koqfbyp.mongodb.net
2026-05-11 16:54:53 [info]: ✅ MongoDB Connected: ac-yoesdyd-shard-00-01.koqfbyp.mongodb.net
2026-05-11 16:55:01 [info]: ✅ MongoDB Connected: ac-yoesdyd-shard-00-01.koqfbyp.mongodb.net
2026-05-11 16:55:01 [info]: ✅ MongoDB Connected: ac-yoesdyd-shard-00-01.koqfbyp.mongodb.net
2026-05-11 16:55:01 [info]: ✅ MongoDB Connected: ac-yoesdyd-shard-00-02.koqfbyp.mongodb.net
2026-05-11 16:55:01 [info]: ✅ MongoDB Connected: ac-yoesdyd-shard-00-02.koqfbyp.mongodb.net
2026-05-11 16:55:01 [info]: ✅ MongoDB Connected: ac-yoesdyd-shard-00-01.koqfbyp.mongodb.net
2026-05-11 16:55:01 [info]: ✅ MongoDB Connected: ac-yoesdyd-shard-00-00.koqfbyp.mongodb.net
2026-05-11 16:55:01 [info]: ✅ MongoDB Connected: ac-yoesdyd-shard-00-00.koqfbyp.mongodb.net
2026-05-11 16:55:07 [info]: ✅ MongoDB Connected: ac-yoesdyd-shard-00-00.koqfbyp.mongodb.net
2026-05-11 16:55:07 [info]: ✅ MongoDB Connected: ac-yoesdyd-shard-00-00.koqfbyp.mongodb.net
2026-05-11 16:55:08 [info]: ✅ MongoDB Connected: ac-yoesdyd-shard-00-01.koqfbyp.mongodb.net
2026-05-11 16:55:08 [info]: ✅ MongoDB Connected: ac-yoesdyd-shard-00-01.koqfbyp.mongodb.net
2026-05-11 16:55:08 [info]: ✅ MongoDB Connected: ac-yoesdyd-shard-00-02.koqfbyp.mongodb.net
2026-05-11 16:55:08 [info]: ✅ MongoDB Connected: ac-yoesdyd-shard-00-02.koqfbyp.mongodb.net
2026-05-11 16:55:08 [info]: ✅ MongoDB Connected: ac-yoesdyd-shard-00-00.koqfbyp.mongodb.net
2026-05-11 16:55:53 [info]: ✅ MongoDB Connected: ac-yoesdyd-shard-00-01.koqfbyp.mongodb.net
2026-05-11 16:55:53 [info]: ✅ MongoDB Connected: ac-yoesdyd-shard-00-00.koqfbyp.mongodb.net
2026-05-11 16:55:53 [info]: ✅ MongoDB Connected: ac-yoesdyd-shard-00-02.koqfbyp.mongodb.net
2026-05-11 16:55:53 [info]: ✅ MongoDB Connected: ac-yoesdyd-shard-00-00.koqfbyp.mongodb.net
2026-05-11 16:55:53 [info]: ✅ MongoDB Connected: ac-yoesdyd-shard-00-02.koqfbyp.mongodb.net
2026-05-11 16:55:53 [info]: ✅ MongoDB Connected: ac-yoesdyd-shard-00-00.koqfbyp.mongodb.net
2026-05-11 16:55:53 [info]: ✅ MongoDB Connected: ac-yoesdyd-shard-00-01.koqfbyp.mongodb.net
2026-05-11 16:56:02 [info]: ✅ MongoDB Connected: ac-yoesdyd-shard-00-00.koqfbyp.mongodb.net
2026-05-11 16:56:02 [info]: ✅ MongoDB Connected: ac-yoesdyd-shard-00-02.koqfbyp.mongodb.net
2026-05-11 16:56:02 [info]: ✅ MongoDB Connected: ac-yoesdyd-shard-00-02.koqfbyp.mongodb.net
2026-05-11 16:56:02 [info]: ✅ MongoDB Connected: ac-yoesdyd-shard-00-02.koqfbyp.mongodb.net
2026-05-11 16:56:02 [info]: ✅ MongoDB Connected: ac-yoesdyd-shard-00-02.koqfbyp.mongodb.net
2026-05-11 16:56:04 [info]: ✅ MongoDB Connected: ac-yoesdyd-shard-00-01.koqfbyp.mongodb.net
2026-05-11 16:56:05 [info]: ✅ MongoDB Connected: ac-yoesdyd-shard-00-00.koqfbyp.mongodb.net
2026-05-11 16:56:08 [info]: ✅ MongoDB Connected: ac-yoesdyd-shard-00-02.koqfbyp.mongodb.net
2026-05-11 16:56:09 [info]: ✅ MongoDB Connected: ac-yoesdyd-shard-00-01.koqfbyp.mongodb.net
2026-05-11 16:56:09 [info]: ✅ MongoDB Connected: ac-yoesdyd-shard-00-01.koqfbyp.mongodb.net
2026-05-11 16:56:09 [info]: ✅ MongoDB Connected: ac-yoesdyd-shard-00-01.koqfbyp.mongodb.net
2026-05-11 16:56:09 [info]: ✅ MongoDB Connected: ac-yoesdyd-shard-00-01.koqfbyp.mongodb.net
2026-05-11 16:56:10 [info]: ✅ MongoDB Connected: ac-yoesdyd-shard-00-00.koqfbyp.mongodb.net
2026-05-11 16:56:19 [info]: ✅ MongoDB Connected: ac-yoesdyd-shard-00-02.koqfbyp.mongodb.net
2026-05-11 16:56:19 [info]: ✅ MongoDB Connected: ac-yoesdyd-shard-00-00.koqfbyp.mongodb.net
2026-05-11 16:56:19 [info]: ✅ MongoDB Connected: ac-yoesdyd-shard-00-00.koqfbyp.mongodb.net
2026-05-11 16:56:19 [info]: ✅ MongoDB Connected: ac-yoesdyd-shard-00-01.koqfbyp.mongodb.net
2026-05-11 16:56:19 [info]: ✅ MongoDB Connected: ac-yoesdyd-shard-00-02.koqfbyp.mongodb.net
2026-05-11 16:56:19 [info]: ✅ MongoDB Connected: ac-yoesdyd-shard-00-01.koqfbyp.mongodb.net
2026-05-11 16:56:19 [info]: ✅ MongoDB Connected: ac-yoesdyd-shard-00-02.koqfbyp.mongodb.net
2026-05-11 17:31:04 [info]: ✅ MongoDB Connected: ac-yoesdyd-shard-00-00.koqfbyp.mongodb.net
2026-05-11 17:31:04 [info]: ✅ MongoDB Connected: ac-yoesdyd-shard-00-00.koqfbyp.mongodb.net
2026-05-11 17:31:04 [info]: ✅ MongoDB Connected: ac-yoesdyd-shard-00-00.koqfbyp.mongodb.net
2026-05-11 17:31:04 [info]: ✅ MongoDB Connected: ac-yoesdyd-shard-00-00.koqfbyp.mongodb.net
2026-05-11 17:31:04 [info]: ✅ MongoDB Connected: ac-yoesdyd-shard-00-00.koqfbyp.mongodb.net
2026-05-11 17:31:04 [info]: ✅ MongoDB Connected: ac-yoesdyd-shard-00-00.koqfbyp.mongodb.net
2026-05-11 17:31:04 [info]: ✅ MongoDB Connected: ac-yoesdyd-shard-00-00.koqfbyp.mongodb.net
2026-05-11 17:31:12 [info]: ✅ MongoDB Connected: ac-yoesdyd-shard-00-01.koqfbyp.mongodb.net
2026-05-11 17:31:12 [info]: ✅ MongoDB Connected: ac-yoesdyd-shard-00-02.koqfbyp.mongodb.net
2026-05-11 17:31:12 [info]: ✅ MongoDB Connected: ac-yoesdyd-shard-00-00.koqfbyp.mongodb.net
2026-05-11 17:31:12 [info]: ✅ MongoDB Connected: ac-yoesdyd-shard-00-01.koqfbyp.mongodb.net
2026-05-11 17:31:12 [info]: ✅ MongoDB Connected: ac-yoesdyd-shard-00-00.koqfbyp.mongodb.net
2026-05-11 17:31:12 [info]: ✅ MongoDB Connected: ac-yoesdyd-shard-00-01.koqfbyp.mongodb.net
2026-05-11 17:31:13 [info]: ✅ MongoDB Connected: ac-yoesdyd-shard-00-01.koqfbyp.mongodb.net
2026-05-11 17:31:19 [info]: ✅ MongoDB Connected: ac-yoesdyd-shard-00-02.koqfbyp.mongodb.net
2026-05-11 17:31:20 [info]: ✅ MongoDB Connected: ac-yoesdyd-shard-00-00.koqfbyp.mongodb.net
2026-05-11 17:31:20 [info]: ✅ MongoDB Connected: ac-yoesdyd-shard-00-01.koqfbyp.mongodb.net
2026-05-11 17:31:20 [info]: ✅ MongoDB Connected: ac-yoesdyd-shard-00-02.koqfbyp.mongodb.net
2026-05-11 17:31:20 [info]: ✅ MongoDB Connected: ac-yoesdyd-shard-00-00.koqfbyp.mongodb.net
2026-05-11 17:31:20 [info]: ✅ MongoDB Connected: ac-yoesdyd-shard-00-01.koqfbyp.mongodb.net
2026-05-11 17:31:20 [info]: ✅ MongoDB Connected: ac-yoesdyd-shard-00-02.koqfbyp.mongodb.net
2026-05-11 17:31:39 [info]: ✅ MongoDB Connected: ac-yoesdyd-shard-00-00.koqfbyp.mongodb.net
2026-05-11 17:31:39 [info]: ✅ MongoDB Connected: ac-yoesdyd-shard-00-01.koqfbyp.mongodb.net
2026-05-11 17:31:39 [info]: ✅ MongoDB Connected: ac-yoesdyd-shard-00-00.koqfbyp.mongodb.net
2026-05-11 17:31:39 [info]: ✅ MongoDB Connected: ac-yoesdyd-shard-00-01.koqfbyp.mongodb.net
2026-05-11 17:31:39 [info]: ✅ MongoDB Connected: ac-yoesdyd-shard-00-00.koqfbyp.mongodb.net
2026-05-11 17:31:39 [info]: ✅ MongoDB Connected: ac-yoesdyd-shard-00-02.koqfbyp.mongodb.net
2026-05-11 17:31:39 [info]: ✅ MongoDB Connected: ac-yoesdyd-shard-00-00.koqfbyp.mongodb.net
2026-05-11 17:32:10 [info]: ✅ MongoDB Connected: ac-yoesdyd-shard-00-00.koqfbyp.mongodb.net
2026-05-11 17:32:10 [info]: ✅ MongoDB Connected: ac-yoesdyd-shard-00-01.koqfbyp.mongodb.net
2026-05-11 17:32:10 [info]: ✅ MongoDB Connected: ac-yoesdyd-shard-00-01.koqfbyp.mongodb.net
2026-05-11 17:32:10 [info]: ✅ MongoDB Connected: ac-yoesdyd-shard-00-02.koqfbyp.mongodb.net
2026-05-11 17:32:10 [info]: ✅ MongoDB Connected: ac-yoesdyd-shard-00-00.koqfbyp.mongodb.net
2026-05-11 17:32:10 [info]: ✅ MongoDB Connected: ac-yoesdyd-shard-00-00.koqfbyp.mongodb.net
2026-05-11 17:32:10 [info]: ✅ MongoDB Connected: ac-yoesdyd-shard-00-01.koqfbyp.mongodb.net
2026-05-11 17:32:24 [info]: ✅ MongoDB Connected: ac-yoesdyd-shard-00-00.koqfbyp.mongodb.net
2026-05-11 17:32:24 [info]: ✅ MongoDB Connected: ac-yoesdyd-shard-00-01.koqfbyp.mongodb.net
2026-05-11 17:32:24 [info]: ✅ MongoDB Connected: ac-yoesdyd-shard-00-02.koqfbyp.mongodb.net
2026-05-11 17:32:25 [info]: ✅ MongoDB Connected: ac-yoesdyd-shard-00-01.koqfbyp.mongodb.net
2026-05-11 17:32:25 [info]: ✅ MongoDB Connected: ac-yoesdyd-shard-00-02.koqfbyp.mongodb.net
2026-05-11 17:32:25 [info]: ✅ MongoDB Connected: ac-yoesdyd-shard-00-00.koqfbyp.mongodb.net
2026-05-11 17:32:25 [info]: ✅ MongoDB Connected: ac-yoesdyd-shard-00-02.koqfbyp.mongodb.net
2026-05-11 17:32:33 [info]: ✅ MongoDB Connected: ac-yoesdyd-shard-00-01.koqfbyp.mongodb.net
2026-05-11 17:32:33 [info]: ✅ MongoDB Connected: ac-yoesdyd-shard-00-01.koqfbyp.mongodb.net
2026-05-11 17:32:33 [info]: ✅ MongoDB Connected: ac-yoesdyd-shard-00-02.koqfbyp.mongodb.net
2026-05-11 17:32:33 [info]: ✅ MongoDB Connected: ac-yoesdyd-shard-00-01.koqfbyp.mongodb.net
2026-05-11 17:32:33 [info]: ✅ MongoDB Connected: ac-yoesdyd-shard-00-01.koqfbyp.mongodb.net
2026-05-11 17:32:34 [info]: ✅ MongoDB Connected: ac-yoesdyd-shard-00-00.koqfbyp.mongodb.net
2026-05-11 17:32:34 [info]: ✅ MongoDB Connected: ac-yoesdyd-shard-00-02.koqfbyp.mongodb.net
2026-05-11 17:32:40 [info]: ✅ MongoDB Connected: ac-yoesdyd-shard-00-02.koqfbyp.mongodb.net
2026-05-11 17:32:40 [info]: ✅ MongoDB Connected: ac-yoesdyd-shard-00-00.koqfbyp.mongodb.net
2026-05-11 17:32:41 [info]: ✅ MongoDB Connected: ac-yoesdyd-shard-00-01.koqfbyp.mongodb.net
2026-05-11 17:32:41 [info]: ✅ MongoDB Connected: ac-yoesdyd-shard-00-00.koqfbyp.mongodb.net
2026-05-11 17:32:41 [info]: ✅ MongoDB Connected: ac-yoesdyd-shard-00-02.koqfbyp.mongodb.net
2026-05-11 17:32:41 [info]: ✅ MongoDB Connected: ac-yoesdyd-shard-00-01.koqfbyp.mongodb.net
2026-05-11 17:32:41 [info]: ✅ MongoDB Connected: ac-yoesdyd-shard-00-02.koqfbyp.mongodb.net
2026-05-11 17:32:50 [info]: ✅ MongoDB Connected: ac-yoesdyd-shard-00-00.koqfbyp.mongodb.net
2026-05-11 17:32:50 [info]: ✅ MongoDB Connected: ac-yoesdyd-shard-00-01.koqfbyp.mongodb.net
2026-05-11 17:32:50 [info]: ✅ MongoDB Connected: ac-yoesdyd-shard-00-02.koqfbyp.mongodb.net
2026-05-11 17:32:50 [info]: ✅ MongoDB Connected: ac-yoesdyd-shard-00-02.koqfbyp.mongodb.net
2026-05-11 17:32:50 [info]: ✅ MongoDB Connected: ac-yoesdyd-shard-00-01.koqfbyp.mongodb.net
2026-05-11 17:32:50 [info]: ✅ MongoDB Connected: ac-yoesdyd-shard-00-02.koqfbyp.mongodb.net
2026-05-11 17:32:50 [info]: ✅ MongoDB Connected: ac-yoesdyd-shard-00-00.koqfbyp.mongodb.net
2026-05-11 17:32:57 [info]: ✅ MongoDB Connected: ac-yoesdyd-shard-00-01.koqfbyp.mongodb.net
2026-05-11 17:32:57 [info]: ✅ MongoDB Connected: ac-yoesdyd-shard-00-02.koqfbyp.mongodb.net
2026-05-11 17:32:57 [info]: ✅ MongoDB Connected: ac-yoesdyd-shard-00-00.koqfbyp.mongodb.net
2026-05-11 17:32:57 [info]: ✅ MongoDB Connected: ac-yoesdyd-shard-00-01.koqfbyp.mongodb.net
2026-05-11 17:32:58 [info]: ✅ MongoDB Connected: ac-yoesdyd-shard-00-02.koqfbyp.mongodb.net
2026-05-11 17:32:58 [info]: ✅ MongoDB Connected: ac-yoesdyd-shard-00-00.koqfbyp.mongodb.net
2026-05-11 17:32:58 [info]: ✅ MongoDB Connected: ac-yoesdyd-shard-00-01.koqfbyp.mongodb.net
2026-05-11 17:33:05 [info]: ✅ MongoDB Connected: ac-yoesdyd-shard-00-02.koqfbyp.mongodb.net
2026-05-11 17:33:12 [info]: ✅ MongoDB Connected: ac-yoesdyd-shard-00-00.koqfbyp.mongodb.net
2026-05-11 17:33:12 [info]: ✅ MongoDB Connected: ac-yoesdyd-shard-00-02.koqfbyp.mongodb.net
2026-05-11 17:33:12 [info]: ✅ MongoDB Connected: ac-yoesdyd-shard-00-01.koqfbyp.mongodb.net
2026-05-11 17:33:12 [info]: ✅ MongoDB Connected: ac-yoesdyd-shard-00-00.koqfbyp.mongodb.net
2026-05-11 17:33:12 [info]: ✅ MongoDB Connected: ac-yoesdyd-shard-00-02.koqfbyp.mongodb.net
2026-05-11 17:33:12 [info]: ✅ MongoDB Connected: ac-yoesdyd-shard-00-01.koqfbyp.mongodb.net
2026-05-11 17:33:12 [info]: ✅ MongoDB Connected: ac-yoesdyd-shard-00-00.koqfbyp.mongodb.net
2026-05-11 17:33:20 [info]: ✅ MongoDB Connected: ac-yoesdyd-shard-00-01.koqfbyp.mongodb.net
2026-05-11 17:33:20 [info]: ✅ MongoDB Connected: ac-yoesdyd-shard-00-02.koqfbyp.mongodb.net
2026-05-11 17:33:20 [info]: ✅ MongoDB Connected: ac-yoesdyd-shard-00-00.koqfbyp.mongodb.net
2026-05-11 17:33:20 [info]: ✅ MongoDB Connected: ac-yoesdyd-shard-00-02.koqfbyp.mongodb.net
2026-05-11 17:33:20 [info]: ✅ MongoDB Connected: ac-yoesdyd-shard-00-01.koqfbyp.mongodb.net
2026-05-11 17:33:20 [info]: ✅ MongoDB Connected: ac-yoesdyd-shard-00-00.koqfbyp.mongodb.net
2026-05-11 17:33:20 [info]: ✅ MongoDB Connected: ac-yoesdyd-shard-00-01.koqfbyp.mongodb.net
2026-05-11 17:33:27 [info]: ✅ MongoDB Connected: ac-yoesdyd-shard-00-02.koqfbyp.mongodb.net
2026-05-11 17:33:27 [info]: ✅ MongoDB Connected: ac-yoesdyd-shard-00-00.koqfbyp.mongodb.net
2026-05-11 17:33:27 [info]: ✅ MongoDB Connected: ac-yoesdyd-shard-00-01.koqfbyp.mongodb.net
2026-05-11 17:33:27 [info]: ✅ MongoDB Connected: ac-yoesdyd-shard-00-02.koqfbyp.mongodb.net
2026-05-11 17:33:28 [info]: ✅ MongoDB Connected: ac-yoesdyd-shard-00-01.koqfbyp.mongodb.net
2026-05-11 17:33:28 [info]: ✅ MongoDB Connected: ac-yoesdyd-shard-00-00.koqfbyp.mongodb.net
2026-05-11 17:33:28 [info]: ✅ MongoDB Connected: ac-yoesdyd-shard-00-02.koqfbyp.mongodb.net
2026-05-11 17:33:35 [info]: ✅ MongoDB Connected: ac-yoesdyd-shard-00-00.koqfbyp.mongodb.net
2026-05-11 17:33:35 [info]: ✅ MongoDB Connected: ac-yoesdyd-shard-00-01.koqfbyp.mongodb.net
2026-05-11 17:33:36 [info]: ✅ MongoDB Connected: ac-yoesdyd-shard-00-02.koqfbyp.mongodb.net
2026-05-11 17:33:36 [info]: ✅ MongoDB Connected: ac-yoesdyd-shard-00-01.koqfbyp.mongodb.net
2026-05-11 17:33:36 [info]: ✅ MongoDB Connected: ac-yoesdyd-shard-00-00.koqfbyp.mongodb.net
2026-05-11 17:33:36 [info]: ✅ MongoDB Connected: ac-yoesdyd-shard-00-00.koqfbyp.mongodb.net
2026-05-11 17:33:36 [info]: ✅ MongoDB Connected: ac-yoesdyd-shard-00-02.koqfbyp.mongodb.net
2026-05-11 17:33:43 [info]: ✅ MongoDB Connected: ac-yoesdyd-shard-00-01.koqfbyp.mongodb.net
2026-05-11 17:33:43 [info]: ✅ MongoDB Connected: ac-yoesdyd-shard-00-02.koqfbyp.mongodb.net
2026-05-11 17:33:44 [info]: ✅ MongoDB Connected: ac-yoesdyd-shard-00-00.koqfbyp.mongodb.net
2026-05-11 17:33:44 [info]: ✅ MongoDB Connected: ac-yoesdyd-shard-00-01.koqfbyp.mongodb.net
2026-05-11 17:33:44 [info]: ✅ MongoDB Connected: ac-yoesdyd-shard-00-02.koqfbyp.mongodb.net
2026-05-11 17:33:44 [info]: ✅ MongoDB Connected: ac-yoesdyd-shard-00-00.koqfbyp.mongodb.net
2026-05-11 17:33:44 [info]: ✅ MongoDB Connected: ac-yoesdyd-shard-00-01.koqfbyp.mongodb.net
2026-05-11 17:33:50 [info]: ✅ MongoDB Connected: ac-yoesdyd-shard-00-02.koqfbyp.mongodb.net
2026-05-11 17:33:51 [info]: ✅ MongoDB Connected: ac-yoesdyd-shard-00-00.koqfbyp.mongodb.net
2026-05-11 17:33:51 [info]: ✅ MongoDB Connected: ac-yoesdyd-shard-00-01.koqfbyp.mongodb.net
2026-05-11 17:33:52 [info]: ✅ MongoDB Connected: ac-yoesdyd-shard-00-02.koqfbyp.mongodb.net
2026-05-11 17:33:52 [info]: ✅ MongoDB Connected: ac-yoesdyd-shard-00-00.koqfbyp.mongodb.net
2026-05-11 17:33:52 [info]: ✅ MongoDB Connected: ac-yoesdyd-shard-00-01.koqfbyp.mongodb.net
2026-05-11 17:33:52 [info]: ✅ MongoDB Connected: ac-yoesdyd-shard-00-02.koqfbyp.mongodb.net
2026-05-11 17:40:35 [info]: ✅ MongoDB Connected: ac-yoesdyd-shard-00-00.koqfbyp.mongodb.net
2026-05-11 17:40:35 [info]: ✅ MongoDB Connected: ac-yoesdyd-shard-00-00.koqfbyp.mongodb.net
2026-05-11 17:40:35 [info]: ✅ MongoDB Connected: ac-yoesdyd-shard-00-00.koqfbyp.mongodb.net
2026-05-11 17:40:35 [info]: ✅ MongoDB Connected: ac-yoesdyd-shard-00-00.koqfbyp.mongodb.net
2026-05-11 17:40:35 [info]: ✅ MongoDB Connected: ac-yoesdyd-shard-00-00.koqfbyp.mongodb.net
2026-05-11 17:40:35 [info]: ✅ MongoDB Connected: ac-yoesdyd-shard-00-01.koqfbyp.mongodb.net
2026-05-11 17:40:35 [info]: ✅ MongoDB Connected: ac-yoesdyd-shard-00-00.koqfbyp.mongodb.net
2026-05-11 17:40:40 [info]: ::1 - - [11/May/2026:12:10:40 +0000] "GET / HTTP/1.1" 404 48 "-" "Mozilla/5.0 (Windows NT 10.0; Win64; x64) AppleWebKit/537.36 (KHTML, like Gecko) Chrome/147.0.0.0 Safari/537.36"
2026-05-11 17:40:45 [info]: ✅ MongoDB Connected: ac-yoesdyd-shard-00-02.koqfbyp.mongodb.net
2026-05-11 17:40:45 [info]: ✅ MongoDB Connected: ac-yoesdyd-shard-00-01.koqfbyp.mongodb.net
2026-05-11 17:40:45 [info]: ✅ MongoDB Connected: ac-yoesdyd-shard-00-02.koqfbyp.mongodb.net
2026-05-11 17:40:45 [info]: ✅ MongoDB Connected: ac-yoesdyd-shard-00-02.koqfbyp.mongodb.net
2026-05-11 17:40:45 [info]: ✅ MongoDB Connected: ac-yoesdyd-shard-00-00.koqfbyp.mongodb.net
2026-05-11 17:40:45 [info]: ✅ MongoDB Connected: ac-yoesdyd-shard-00-01.koqfbyp.mongodb.net
2026-05-11 17:40:45 [info]: ✅ MongoDB Connected: ac-yoesdyd-shard-00-01.koqfbyp.mongodb.net
2026-05-11 17:40:54 [info]: ✅ MongoDB Connected: ac-yoesdyd-shard-00-00.koqfbyp.mongodb.net
2026-05-11 17:40:54 [info]: ✅ MongoDB Connected: ac-yoesdyd-shard-00-01.koqfbyp.mongodb.net
2026-05-11 17:40:54 [info]: ✅ MongoDB Connected: ac-yoesdyd-shard-00-02.koqfbyp.mongodb.net
2026-05-11 17:40:54 [info]: ✅ MongoDB Connected: ac-yoesdyd-shard-00-01.koqfbyp.mongodb.net
2026-05-11 17:40:54 [info]: ✅ MongoDB Connected: ac-yoesdyd-shard-00-00.koqfbyp.mongodb.net
2026-05-11 17:40:54 [info]: ✅ MongoDB Connected: ac-yoesdyd-shard-00-02.koqfbyp.mongodb.net
2026-05-11 17:40:54 [info]: ✅ MongoDB Connected: ac-yoesdyd-shard-00-00.koqfbyp.mongodb.net
2026-05-11 17:41:04 [info]: ✅ MongoDB Connected: ac-yoesdyd-shard-00-01.koqfbyp.mongodb.net
2026-05-11 17:41:04 [info]: ✅ MongoDB Connected: ac-yoesdyd-shard-00-02.koqfbyp.mongodb.net
2026-05-11 17:41:04 [info]: ✅ MongoDB Connected: ac-yoesdyd-shard-00-00.koqfbyp.mongodb.net
2026-05-11 17:41:04 [info]: ✅ MongoDB Connected: ac-yoesdyd-shard-00-01.koqfbyp.mongodb.net
2026-05-11 17:41:04 [info]: ✅ MongoDB Connected: ac-yoesdyd-shard-00-02.koqfbyp.mongodb.net
2026-05-11 17:41:04 [info]: ✅ MongoDB Connected: ac-yoesdyd-shard-00-01.koqfbyp.mongodb.net
2026-05-11 17:41:04 [info]: ✅ MongoDB Connected: ac-yoesdyd-shard-00-00.koqfbyp.mongodb.net
2026-05-11 17:41:14 [info]: ✅ MongoDB Connected: ac-yoesdyd-shard-00-02.koqfbyp.mongodb.net
2026-05-11 17:41:15 [info]: ✅ MongoDB Connected: ac-yoesdyd-shard-00-02.koqfbyp.mongodb.net
2026-05-11 17:41:15 [info]: ✅ MongoDB Connected: ac-yoesdyd-shard-00-02.koqfbyp.mongodb.net
2026-05-11 17:41:15 [info]: ✅ MongoDB Connected: ac-yoesdyd-shard-00-00.koqfbyp.mongodb.net
2026-05-11 17:41:15 [info]: ✅ MongoDB Connected: ac-yoesdyd-shard-00-01.koqfbyp.mongodb.net
2026-05-11 17:41:15 [info]: ✅ MongoDB Connected: ac-yoesdyd-shard-00-00.koqfbyp.mongodb.net
2026-05-11 17:41:15 [info]: ✅ MongoDB Connected: ac-yoesdyd-shard-00-00.koqfbyp.mongodb.net
2026-05-11 17:41:25 [error]: Error: CORS: Origin http://localhost:5174 not allowed
    at origin (D:\onepws\task-onpews\backend\config\cors.js:12:16)
    at D:\onepws\task-onpews\backend\node_modules\cors\lib\index.js:219:13
    at optionsCallback (D:\onepws\task-onpews\backend\node_modules\cors\lib\index.js:199:9)
    at corsMiddleware (D:\onepws\task-onpews\backend\node_modules\cors\lib\index.js:204:7)
    at Layer.handleRequest (D:\onepws\task-onpews\backend\node_modules\router\lib\layer.js:152:17)
    at trimPrefix (D:\onepws\task-onpews\backend\node_modules\router\index.js:342:13)
    at D:\onepws\task-onpews\backend\node_modules\router\index.js:297:9
    at processParams (D:\onepws\task-onpews\backend\node_modules\router\index.js:582:12)
    at next (D:\onepws\task-onpews\backend\node_modules\router\index.js:291:5)
    at internalNext (D:\onepws\task-onpews\backend\node_modules\helmet\index.cjs:531:6)
    at xXssProtectionMiddleware (D:\onepws\task-onpews\backend\node_modules\helmet\index.cjs:311:3)
    at internalNext (D:\onepws\task-onpews\backend\node_modules\helmet\index.cjs:529:6)
    at xPoweredByMiddleware (D:\onepws\task-onpews\backend\node_modules\helmet\index.cjs:304:3)
    at internalNext (D:\onepws\task-onpews\backend\node_modules\helmet\index.cjs:529:6)
    at xPermittedCrossDomainPoliciesMiddleware (D:\onepws\task-onpews\backend\node_modules\helmet\index.cjs:297:3)
    at internalNext (D:\onepws\task-onpews\backend\node_modules\helmet\index.cjs:529:6)
2026-05-11 17:41:28 [info]: ::1 - - [11/May/2026:12:11:28 +0000] "GET /api/auth/google HTTP/1.1" 302 0 "http://localhost:5174/" "Mozilla/5.0 (Windows NT 10.0; Win64; x64) AppleWebKit/537.36 (KHTML, like Gecko) Chrome/147.0.0.0 Safari/537.36"
2026-05-11 17:41:36 [info]: ::1 - - [11/May/2026:12:11:36 +0000] "GET /api/auth/google/callback?iss=https%3A%2F%2Faccounts.google.com&code=4%2F0AeoWuM9C2UA7TMjcq89LzO_Tx2EmbFbCUnE7oX4Xy9LejozPUSRXSD91OO8VltbRp47kpQ&scope=email+profile+https%3A%2F%2Fwww.googleapis.com%2Fauth%2Fuserinfo.profile+https%3A%2F%2Fwww.googleapis.com%2Fauth%2Fuserinfo.email+openid&authuser=0&prompt=consent HTTP/1.1" 302 443 "https://accounts.google.com/" "Mozilla/5.0 (Windows NT 10.0; Win64; x64) AppleWebKit/537.36 (KHTML, like Gecko) Chrome/147.0.0.0 Safari/537.36"
2026-05-11 17:41:38 [info]: ✅ MongoDB Connected: ac-yoesdyd-shard-00-01.koqfbyp.mongodb.net
2026-05-11 17:41:38 [info]: ✅ MongoDB Connected: ac-yoesdyd-shard-00-00.koqfbyp.mongodb.net
2026-05-11 17:41:38 [info]: ✅ MongoDB Connected: ac-yoesdyd-shard-00-02.koqfbyp.mongodb.net
2026-05-11 17:41:38 [info]: ✅ MongoDB Connected: ac-yoesdyd-shard-00-01.koqfbyp.mongodb.net
2026-05-11 17:41:38 [info]: ✅ MongoDB Connected: ac-yoesdyd-shard-00-02.koqfbyp.mongodb.net
2026-05-11 17:41:38 [info]: ✅ MongoDB Connected: ac-yoesdyd-shard-00-01.koqfbyp.mongodb.net
2026-05-11 17:41:39 [info]: ✅ MongoDB Connected: ac-yoesdyd-shard-00-00.koqfbyp.mongodb.net
2026-05-11 17:42:03 [info]: ✅ MongoDB Connected: ac-yoesdyd-shard-00-00.koqfbyp.mongodb.net
2026-05-11 17:42:03 [info]: ✅ MongoDB Connected: ac-yoesdyd-shard-00-01.koqfbyp.mongodb.net
2026-05-11 17:42:03 [info]: ✅ MongoDB Connected: ac-yoesdyd-shard-00-00.koqfbyp.mongodb.net
2026-05-11 17:42:03 [info]: ✅ MongoDB Connected: ac-yoesdyd-shard-00-00.koqfbyp.mongodb.net
2026-05-11 17:42:03 [info]: ✅ MongoDB Connected: ac-yoesdyd-shard-00-01.koqfbyp.mongodb.net
2026-05-11 17:42:03 [info]: ✅ MongoDB Connected: ac-yoesdyd-shard-00-00.koqfbyp.mongodb.net
2026-05-11 17:42:03 [info]: ✅ MongoDB Connected: ac-yoesdyd-shard-00-02.koqfbyp.mongodb.net
2026-05-11 17:43:30 [info]: ✅ MongoDB Connected: ac-yoesdyd-shard-00-00.koqfbyp.mongodb.net
2026-05-11 17:43:30 [info]: ✅ MongoDB Connected: ac-yoesdyd-shard-00-00.koqfbyp.mongodb.net
2026-05-11 17:43:30 [info]: ✅ MongoDB Connected: ac-yoesdyd-shard-00-00.koqfbyp.mongodb.net
2026-05-11 17:43:30 [info]: ✅ MongoDB Connected: ac-yoesdyd-shard-00-00.koqfbyp.mongodb.net
2026-05-11 17:43:30 [info]: ✅ MongoDB Connected: ac-yoesdyd-shard-00-00.koqfbyp.mongodb.net
2026-05-11 17:43:30 [info]: ✅ MongoDB Connected: ac-yoesdyd-shard-00-00.koqfbyp.mongodb.net
2026-05-11 17:43:30 [info]: ✅ MongoDB Connected: ac-yoesdyd-shard-00-00.koqfbyp.mongodb.net
2026-05-11 17:43:38 [info]: ✅ MongoDB Connected: ac-yoesdyd-shard-00-01.koqfbyp.mongodb.net
2026-05-11 17:43:38 [info]: ✅ MongoDB Connected: ac-yoesdyd-shard-00-02.koqfbyp.mongodb.net
2026-05-11 17:43:38 [info]: ✅ MongoDB Connected: ac-yoesdyd-shard-00-01.koqfbyp.mongodb.net
2026-05-11 17:43:38 [info]: ✅ MongoDB Connected: ac-yoesdyd-shard-00-01.koqfbyp.mongodb.net
2026-05-11 17:43:38 [info]: ✅ MongoDB Connected: ac-yoesdyd-shard-00-00.koqfbyp.mongodb.net
2026-05-11 17:43:38 [info]: ✅ MongoDB Connected: ac-yoesdyd-shard-00-00.koqfbyp.mongodb.net
2026-05-11 17:43:39 [info]: ✅ MongoDB Connected: ac-yoesdyd-shard-00-01.koqfbyp.mongodb.net
2026-05-11 17:43:47 [info]: ✅ MongoDB Connected: ac-yoesdyd-shard-00-02.koqfbyp.mongodb.net
2026-05-11 17:43:47 [info]: ✅ MongoDB Connected: ac-yoesdyd-shard-00-00.koqfbyp.mongodb.net
2026-05-11 17:43:48 [info]: ✅ MongoDB Connected: ac-yoesdyd-shard-00-01.koqfbyp.mongodb.net
2026-05-11 17:43:48 [info]: ✅ MongoDB Connected: ac-yoesdyd-shard-00-00.koqfbyp.mongodb.net
2026-05-11 17:43:48 [info]: ✅ MongoDB Connected: ac-yoesdyd-shard-00-02.koqfbyp.mongodb.net
2026-05-11 17:43:48 [info]: ✅ MongoDB Connected: ac-yoesdyd-shard-00-02.koqfbyp.mongodb.net
2026-05-11 17:43:48 [info]: ✅ MongoDB Connected: ac-yoesdyd-shard-00-01.koqfbyp.mongodb.net
2026-05-11 17:45:21 [info]: ✅ MongoDB Connected: ac-yoesdyd-shard-00-00.koqfbyp.mongodb.net
2026-05-11 17:45:21 [info]: ✅ MongoDB Connected: ac-yoesdyd-shard-00-01.koqfbyp.mongodb.net
2026-05-11 17:45:21 [info]: ✅ MongoDB Connected: ac-yoesdyd-shard-00-00.koqfbyp.mongodb.net
2026-05-11 17:45:21 [info]: ✅ MongoDB Connected: ac-yoesdyd-shard-00-00.koqfbyp.mongodb.net
2026-05-11 17:45:21 [info]: ✅ MongoDB Connected: ac-yoesdyd-shard-00-00.koqfbyp.mongodb.net
2026-05-11 17:45:21 [info]: ✅ MongoDB Connected: ac-yoesdyd-shard-00-00.koqfbyp.mongodb.net
2026-05-11 17:45:21 [info]: ✅ MongoDB Connected: ac-yoesdyd-shard-00-01.koqfbyp.mongodb.net
2026-05-11 17:45:32 [info]: ✅ MongoDB Connected: ac-yoesdyd-shard-00-02.koqfbyp.mongodb.net
2026-05-11 17:45:32 [info]: ✅ MongoDB Connected: ac-yoesdyd-shard-00-00.koqfbyp.mongodb.net
2026-05-11 17:45:32 [info]: ✅ MongoDB Connected: ac-yoesdyd-shard-00-01.koqfbyp.mongodb.net
2026-05-11 17:45:32 [info]: ✅ MongoDB Connected: ac-yoesdyd-shard-00-01.koqfbyp.mongodb.net
2026-05-11 17:45:32 [info]: ✅ MongoDB Connected: ac-yoesdyd-shard-00-00.koqfbyp.mongodb.net
2026-05-11 17:45:32 [info]: ✅ MongoDB Connected: ac-yoesdyd-shard-00-01.koqfbyp.mongodb.net
2026-05-11 17:45:32 [info]: ✅ MongoDB Connected: ac-yoesdyd-shard-00-02.koqfbyp.mongodb.net
2026-05-11 17:45:40 [info]: ✅ MongoDB Connected: ac-yoesdyd-shard-00-00.koqfbyp.mongodb.net
2026-05-11 17:45:40 [info]: ✅ MongoDB Connected: ac-yoesdyd-shard-00-02.koqfbyp.mongodb.net
2026-05-11 17:45:40 [info]: ✅ MongoDB Connected: ac-yoesdyd-shard-00-01.koqfbyp.mongodb.net
2026-05-11 17:45:40 [info]: ✅ MongoDB Connected: ac-yoesdyd-shard-00-01.koqfbyp.mongodb.net
2026-05-11 17:45:40 [info]: ✅ MongoDB Connected: ac-yoesdyd-shard-00-02.koqfbyp.mongodb.net
2026-05-11 17:45:40 [info]: ✅ MongoDB Connected: ac-yoesdyd-shard-00-00.koqfbyp.mongodb.net
2026-05-11 17:45:40 [info]: ✅ MongoDB Connected: ac-yoesdyd-shard-00-00.koqfbyp.mongodb.net
2026-05-11 17:45:49 [info]: ✅ MongoDB Connected: ac-yoesdyd-shard-00-01.koqfbyp.mongodb.net
2026-05-11 17:45:49 [info]: ✅ MongoDB Connected: ac-yoesdyd-shard-00-02.koqfbyp.mongodb.net
2026-05-11 17:45:49 [info]: ✅ MongoDB Connected: ac-yoesdyd-shard-00-00.koqfbyp.mongodb.net
2026-05-11 17:45:49 [info]: ✅ MongoDB Connected: ac-yoesdyd-shard-00-02.koqfbyp.mongodb.net
2026-05-11 17:45:49 [info]: ✅ MongoDB Connected: ac-yoesdyd-shard-00-01.koqfbyp.mongodb.net
2026-05-11 17:45:49 [info]: ✅ MongoDB Connected: ac-yoesdyd-shard-00-00.koqfbyp.mongodb.net
2026-05-11 17:45:49 [info]: ✅ MongoDB Connected: ac-yoesdyd-shard-00-01.koqfbyp.mongodb.net
2026-05-11 17:53:43 [info]: ✅ MongoDB Connected: ac-yoesdyd-shard-00-00.koqfbyp.mongodb.net
2026-05-11 17:53:43 [info]: ✅ MongoDB Connected: ac-yoesdyd-shard-00-00.koqfbyp.mongodb.net
2026-05-11 17:53:43 [info]: ✅ MongoDB Connected: ac-yoesdyd-shard-00-00.koqfbyp.mongodb.net
2026-05-11 17:53:43 [info]: ✅ MongoDB Connected: ac-yoesdyd-shard-00-00.koqfbyp.mongodb.net
2026-05-11 17:53:43 [info]: ✅ MongoDB Connected: ac-yoesdyd-shard-00-00.koqfbyp.mongodb.net
2026-05-11 17:53:43 [info]: ✅ MongoDB Connected: ac-yoesdyd-shard-00-00.koqfbyp.mongodb.net
2026-05-11 17:53:43 [info]: ✅ MongoDB Connected: ac-yoesdyd-shard-00-00.koqfbyp.mongodb.net
2026-05-11 17:54:00 [info]: ✅ MongoDB Connected: ac-yoesdyd-shard-00-01.koqfbyp.mongodb.net
2026-05-11 17:54:00 [info]: ✅ MongoDB Connected: ac-yoesdyd-shard-00-00.koqfbyp.mongodb.net
2026-05-11 17:54:00 [info]: ✅ MongoDB Connected: ac-yoesdyd-shard-00-01.koqfbyp.mongodb.net
2026-05-11 17:54:00 [info]: ✅ MongoDB Connected: ac-yoesdyd-shard-00-02.koqfbyp.mongodb.net
2026-05-11 17:54:00 [info]: ✅ MongoDB Connected: ac-yoesdyd-shard-00-01.koqfbyp.mongodb.net
2026-05-11 17:54:00 [info]: ✅ MongoDB Connected: ac-yoesdyd-shard-00-00.koqfbyp.mongodb.net
2026-05-11 17:54:00 [info]: ✅ MongoDB Connected: ac-yoesdyd-shard-00-00.koqfbyp.mongodb.net
2026-05-11 17:55:19 [info]: ✅ MongoDB Connected: ac-yoesdyd-shard-00-01.koqfbyp.mongodb.net
2026-05-11 17:55:19 [info]: ✅ MongoDB Connected: ac-yoesdyd-shard-00-01.koqfbyp.mongodb.net
2026-05-11 17:55:19 [info]: ✅ MongoDB Connected: ac-yoesdyd-shard-00-00.koqfbyp.mongodb.net
2026-05-11 17:55:19 [info]: ✅ MongoDB Connected: ac-yoesdyd-shard-00-00.koqfbyp.mongodb.net
2026-05-11 17:55:19 [info]: ✅ MongoDB Connected: ac-yoesdyd-shard-00-01.koqfbyp.mongodb.net
2026-05-11 17:55:19 [info]: ✅ MongoDB Connected: ac-yoesdyd-shard-00-00.koqfbyp.mongodb.net
2026-05-11 17:55:19 [info]: ✅ MongoDB Connected: ac-yoesdyd-shard-00-01.koqfbyp.mongodb.net
2026-05-11 17:55:27 [info]: ✅ MongoDB Connected: ac-yoesdyd-shard-00-02.koqfbyp.mongodb.net
2026-05-11 17:55:27 [info]: ✅ MongoDB Connected: ac-yoesdyd-shard-00-01.koqfbyp.mongodb.net
2026-05-11 17:55:27 [info]: ✅ MongoDB Connected: ac-yoesdyd-shard-00-02.koqfbyp.mongodb.net
2026-05-11 17:55:27 [info]: ✅ MongoDB Connected: ac-yoesdyd-shard-00-01.koqfbyp.mongodb.net
2026-05-11 17:55:27 [info]: ✅ MongoDB Connected: ac-yoesdyd-shard-00-02.koqfbyp.mongodb.net
2026-05-11 17:55:27 [info]: ✅ MongoDB Connected: ac-yoesdyd-shard-00-01.koqfbyp.mongodb.net
2026-05-11 17:55:27 [info]: ✅ MongoDB Connected: ac-yoesdyd-shard-00-02.koqfbyp.mongodb.net
2026-05-11 17:55:41 [info]: ✅ MongoDB Connected: ac-yoesdyd-shard-00-00.koqfbyp.mongodb.net
2026-05-11 17:55:41 [info]: ✅ MongoDB Connected: ac-yoesdyd-shard-00-01.koqfbyp.mongodb.net
2026-05-11 17:55:42 [info]: ✅ MongoDB Connected: ac-yoesdyd-shard-00-02.koqfbyp.mongodb.net
2026-05-11 17:55:42 [info]: ✅ MongoDB Connected: ac-yoesdyd-shard-00-01.koqfbyp.mongodb.net
2026-05-11 17:55:42 [info]: ✅ MongoDB Connected: ac-yoesdyd-shard-00-02.koqfbyp.mongodb.net
2026-05-11 17:55:42 [info]: ✅ MongoDB Connected: ac-yoesdyd-shard-00-02.koqfbyp.mongodb.net
2026-05-11 17:55:42 [info]: ✅ MongoDB Connected: ac-yoesdyd-shard-00-02.koqfbyp.mongodb.net
2026-05-11 17:57:05 [info]: ✅ MongoDB Connected: ac-yoesdyd-shard-00-00.koqfbyp.mongodb.net
2026-05-11 17:57:05 [info]: ✅ MongoDB Connected: ac-yoesdyd-shard-00-01.koqfbyp.mongodb.net
2026-05-11 17:57:05 [info]: ✅ MongoDB Connected: ac-yoesdyd-shard-00-00.koqfbyp.mongodb.net
2026-05-11 17:57:05 [info]: ✅ MongoDB Connected: ac-yoesdyd-shard-00-00.koqfbyp.mongodb.net
2026-05-11 17:57:10 [info]: ✅ MongoDB Connected: ac-yoesdyd-shard-00-02.koqfbyp.mongodb.net
2026-05-11 17:57:10 [info]: ✅ MongoDB Connected: ac-yoesdyd-shard-00-00.koqfbyp.mongodb.net
2026-05-11 17:57:11 [info]: ✅ MongoDB Connected: ac-yoesdyd-shard-00-01.koqfbyp.mongodb.net
2026-05-11 17:57:12 [info]: ✅ MongoDB Connected: ac-yoesdyd-shard-00-02.koqfbyp.mongodb.net
2026-05-11 17:57:12 [info]: ✅ MongoDB Connected: ac-yoesdyd-shard-00-00.koqfbyp.mongodb.net
2026-05-11 17:57:12 [info]: ✅ MongoDB Connected: ac-yoesdyd-shard-00-01.koqfbyp.mongodb.net
2026-05-11 17:57:12 [info]: ✅ MongoDB Connected: ac-yoesdyd-shard-00-01.koqfbyp.mongodb.net
2026-05-11 17:57:18 [info]: ✅ MongoDB Connected: ac-yoesdyd-shard-00-00.koqfbyp.mongodb.net
2026-05-11 17:57:18 [info]: ✅ MongoDB Connected: ac-yoesdyd-shard-00-01.koqfbyp.mongodb.net
2026-05-11 17:57:18 [info]: ✅ MongoDB Connected: ac-yoesdyd-shard-00-02.koqfbyp.mongodb.net
2026-05-11 17:57:19 [info]: ✅ MongoDB Connected: ac-yoesdyd-shard-00-00.koqfbyp.mongodb.net
2026-05-11 17:57:20 [info]: ✅ MongoDB Connected: ac-yoesdyd-shard-00-01.koqfbyp.mongodb.net
2026-05-11 17:57:20 [info]: ✅ MongoDB Connected: ac-yoesdyd-shard-00-02.koqfbyp.mongodb.net
2026-05-11 17:57:20 [info]: ✅ MongoDB Connected: ac-yoesdyd-shard-00-00.koqfbyp.mongodb.net
2026-05-11 17:57:26 [info]: ✅ MongoDB Connected: ac-yoesdyd-shard-00-01.koqfbyp.mongodb.net
2026-05-11 17:57:26 [info]: ✅ MongoDB Connected: ac-yoesdyd-shard-00-02.koqfbyp.mongodb.net
2026-05-11 17:57:26 [info]: ✅ MongoDB Connected: ac-yoesdyd-shard-00-00.koqfbyp.mongodb.net
2026-05-11 17:57:27 [info]: ✅ MongoDB Connected: ac-yoesdyd-shard-00-01.koqfbyp.mongodb.net
2026-05-11 17:57:27 [info]: ✅ MongoDB Connected: ac-yoesdyd-shard-00-02.koqfbyp.mongodb.net
2026-05-11 17:57:27 [info]: ✅ MongoDB Connected: ac-yoesdyd-shard-00-00.koqfbyp.mongodb.net
2026-05-11 17:57:28 [info]: ✅ MongoDB Connected: ac-yoesdyd-shard-00-01.koqfbyp.mongodb.net
2026-05-11 17:57:31 [info]: ✅ MongoDB Connected: ac-yoesdyd-shard-00-02.koqfbyp.mongodb.net
2026-05-11 17:57:32 [info]: ✅ MongoDB Connected: ac-yoesdyd-shard-00-01.koqfbyp.mongodb.net
2026-05-11 17:57:32 [info]: ✅ MongoDB Connected: ac-yoesdyd-shard-00-00.koqfbyp.mongodb.net
2026-05-11 17:57:32 [info]: ✅ MongoDB Connected: ac-yoesdyd-shard-00-02.koqfbyp.mongodb.net
2026-05-11 17:59:16 [info]: ✅ MongoDB Connected: ac-yoesdyd-shard-00-00.koqfbyp.mongodb.net
2026-05-11 17:59:17 [info]: ✅ MongoDB Connected: ac-yoesdyd-shard-00-00.koqfbyp.mongodb.net
2026-05-11 17:59:17 [info]: ✅ MongoDB Connected: ac-yoesdyd-shard-00-01.koqfbyp.mongodb.net
2026-05-11 17:59:17 [info]: ✅ MongoDB Connected: ac-yoesdyd-shard-00-00.koqfbyp.mongodb.net
2026-05-11 17:59:17 [info]: ✅ MongoDB Connected: ac-yoesdyd-shard-00-01.koqfbyp.mongodb.net
2026-05-11 17:59:17 [info]: ✅ MongoDB Connected: ac-yoesdyd-shard-00-00.koqfbyp.mongodb.net
2026-05-11 17:59:17 [info]: ✅ MongoDB Connected: ac-yoesdyd-shard-00-02.koqfbyp.mongodb.net
2026-05-11 17:59:25 [info]: ✅ MongoDB Connected: ac-yoesdyd-shard-00-00.koqfbyp.mongodb.net
2026-05-11 17:59:25 [info]: ✅ MongoDB Connected: ac-yoesdyd-shard-00-01.koqfbyp.mongodb.net
2026-05-11 17:59:25 [info]: ✅ MongoDB Connected: ac-yoesdyd-shard-00-01.koqfbyp.mongodb.net
2026-05-11 17:59:25 [info]: ✅ MongoDB Connected: ac-yoesdyd-shard-00-00.koqfbyp.mongodb.net
2026-05-11 17:59:25 [info]: ✅ MongoDB Connected: ac-yoesdyd-shard-00-02.koqfbyp.mongodb.net
2026-05-11 17:59:25 [info]: ✅ MongoDB Connected: ac-yoesdyd-shard-00-02.koqfbyp.mongodb.net
2026-05-11 17:59:25 [info]: ✅ MongoDB Connected: ac-yoesdyd-shard-00-00.koqfbyp.mongodb.net
2026-05-11 17:59:32 [info]: ✅ MongoDB Connected: ac-yoesdyd-shard-00-01.koqfbyp.mongodb.net
2026-05-11 17:59:32 [info]: ✅ MongoDB Connected: ac-yoesdyd-shard-00-01.koqfbyp.mongodb.net
2026-05-11 17:59:32 [info]: ✅ MongoDB Connected: ac-yoesdyd-shard-00-02.koqfbyp.mongodb.net
2026-05-11 17:59:32 [info]: ✅ MongoDB Connected: ac-yoesdyd-shard-00-00.koqfbyp.mongodb.net
2026-05-11 17:59:32 [info]: ✅ MongoDB Connected: ac-yoesdyd-shard-00-02.koqfbyp.mongodb.net
2026-05-11 17:59:33 [info]: ✅ MongoDB Connected: ac-yoesdyd-shard-00-00.koqfbyp.mongodb.net
2026-05-11 17:59:33 [info]: ✅ MongoDB Connected: ac-yoesdyd-shard-00-01.koqfbyp.mongodb.net
2026-05-11 17:59:39 [info]: ✅ MongoDB Connected: ac-yoesdyd-shard-00-00.koqfbyp.mongodb.net
2026-05-11 17:59:39 [info]: ✅ MongoDB Connected: ac-yoesdyd-shard-00-02.koqfbyp.mongodb.net
2026-05-11 17:59:39 [info]: ✅ MongoDB Connected: ac-yoesdyd-shard-00-02.koqfbyp.mongodb.net
2026-05-11 17:59:39 [info]: ✅ MongoDB Connected: ac-yoesdyd-shard-00-01.koqfbyp.mongodb.net
2026-05-11 17:59:39 [info]: ✅ MongoDB Connected: ac-yoesdyd-shard-00-00.koqfbyp.mongodb.net
2026-05-11 17:59:39 [info]: ✅ MongoDB Connected: ac-yoesdyd-shard-00-01.koqfbyp.mongodb.net
2026-05-11 17:59:39 [info]: ✅ MongoDB Connected: ac-yoesdyd-shard-00-02.koqfbyp.mongodb.net
2026-05-11 18:02:36 [info]: ✅ MongoDB Connected: ac-yoesdyd-shard-00-00.koqfbyp.mongodb.net
2026-05-11 18:02:36 [info]: ✅ MongoDB Connected: ac-yoesdyd-shard-00-00.koqfbyp.mongodb.net
2026-05-11 18:02:36 [info]: ✅ MongoDB Connected: ac-yoesdyd-shard-00-00.koqfbyp.mongodb.net
2026-05-11 18:02:36 [info]: ✅ MongoDB Connected: ac-yoesdyd-shard-00-01.koqfbyp.mongodb.net
2026-05-11 18:02:36 [info]: ✅ MongoDB Connected: ac-yoesdyd-shard-00-02.koqfbyp.mongodb.net
2026-05-11 18:02:36 [info]: ✅ MongoDB Connected: ac-yoesdyd-shard-00-02.koqfbyp.mongodb.net
2026-05-11 18:02:36 [info]: ✅ MongoDB Connected: ac-yoesdyd-shard-00-01.koqfbyp.mongodb.net
2026-05-11 18:02:44 [info]: ✅ MongoDB Connected: ac-yoesdyd-shard-00-02.koqfbyp.mongodb.net
2026-05-11 18:02:44 [info]: ✅ MongoDB Connected: ac-yoesdyd-shard-00-00.koqfbyp.mongodb.net
2026-05-11 18:02:44 [info]: ✅ MongoDB Connected: ac-yoesdyd-shard-00-01.koqfbyp.mongodb.net
2026-05-11 18:02:44 [info]: ✅ MongoDB Connected: ac-yoesdyd-shard-00-02.koqfbyp.mongodb.net
2026-05-11 18:02:44 [info]: ✅ MongoDB Connected: ac-yoesdyd-shard-00-00.koqfbyp.mongodb.net
2026-05-11 18:02:44 [info]: ✅ MongoDB Connected: ac-yoesdyd-shard-00-00.koqfbyp.mongodb.net
2026-05-11 18:02:44 [info]: ✅ MongoDB Connected: ac-yoesdyd-shard-00-02.koqfbyp.mongodb.net
2026-05-11 18:02:53 [info]: ✅ MongoDB Connected: ac-yoesdyd-shard-00-00.koqfbyp.mongodb.net
2026-05-11 18:02:54 [info]: ✅ MongoDB Connected: ac-yoesdyd-shard-00-01.koqfbyp.mongodb.net
2026-05-11 18:05:44 [info]: ::1 - - [11/May/2026:12:35:44 +0000] "GET / HTTP/1.1" 404 48 "-" "Mozilla/5.0 (Windows NT 10.0; Win64; x64) AppleWebKit/537.36 (KHTML, like Gecko) Chrome/147.0.0.0 Safari/537.36"
2026-05-11 18:06:03 [info]: ✅ MongoDB Connected: ac-yoesdyd-shard-00-00.koqfbyp.mongodb.net
2026-05-11 18:06:03 [info]: ✅ MongoDB Connected: ac-yoesdyd-shard-00-00.koqfbyp.mongodb.net
2026-05-11 18:06:03 [info]: ✅ MongoDB Connected: ac-yoesdyd-shard-00-01.koqfbyp.mongodb.net
2026-05-11 18:06:03 [info]: ✅ MongoDB Connected: ac-yoesdyd-shard-00-00.koqfbyp.mongodb.net
2026-05-11 18:06:03 [info]: ✅ MongoDB Connected: ac-yoesdyd-shard-00-00.koqfbyp.mongodb.net
2026-05-11 18:06:03 [info]: ✅ MongoDB Connected: ac-yoesdyd-shard-00-00.koqfbyp.mongodb.net
2026-05-11 18:06:03 [info]: ✅ MongoDB Connected: ac-yoesdyd-shard-00-02.koqfbyp.mongodb.net
2026-05-11 18:06:20 [info]: ✅ MongoDB Connected: ac-yoesdyd-shard-00-01.koqfbyp.mongodb.net
2026-05-11 18:06:20 [info]: ✅ MongoDB Connected: ac-yoesdyd-shard-00-02.koqfbyp.mongodb.net
2026-05-11 18:06:20 [info]: ✅ MongoDB Connected: ac-yoesdyd-shard-00-01.koqfbyp.mongodb.net
2026-05-11 18:06:20 [info]: ✅ MongoDB Connected: ac-yoesdyd-shard-00-00.koqfbyp.mongodb.net
2026-05-11 18:06:20 [info]: ✅ MongoDB Connected: ac-yoesdyd-shard-00-02.koqfbyp.mongodb.net
2026-05-11 18:06:20 [info]: ✅ MongoDB Connected: ac-yoesdyd-shard-00-02.koqfbyp.mongodb.net
2026-05-11 18:06:20 [info]: ✅ MongoDB Connected: ac-yoesdyd-shard-00-01.koqfbyp.mongodb.net
2026-05-11 18:06:47 [info]: ✅ MongoDB Connected: ac-yoesdyd-shard-00-02.koqfbyp.mongodb.net
2026-05-11 18:06:47 [info]: ✅ MongoDB Connected: ac-yoesdyd-shard-00-00.koqfbyp.mongodb.net
2026-05-11 18:06:47 [info]: ✅ MongoDB Connected: ac-yoesdyd-shard-00-00.koqfbyp.mongodb.net
2026-05-11 18:06:47 [info]: ✅ MongoDB Connected: ac-yoesdyd-shard-00-00.koqfbyp.mongodb.net
2026-05-11 18:06:47 [info]: ✅ MongoDB Connected: ac-yoesdyd-shard-00-02.koqfbyp.mongodb.net
2026-05-11 18:06:47 [info]: ✅ MongoDB Connected: ac-yoesdyd-shard-00-01.koqfbyp.mongodb.net
2026-05-11 18:06:47 [info]: ✅ MongoDB Connected: ac-yoesdyd-shard-00-02.koqfbyp.mongodb.net
2026-05-11 18:07:23 [info]: ✅ MongoDB Connected: ac-yoesdyd-shard-00-00.koqfbyp.mongodb.net
2026-05-11 18:07:23 [info]: ✅ MongoDB Connected: ac-yoesdyd-shard-00-00.koqfbyp.mongodb.net
2026-05-11 18:07:23 [info]: ✅ MongoDB Connected: ac-yoesdyd-shard-00-00.koqfbyp.mongodb.net
2026-05-11 18:07:23 [info]: ✅ MongoDB Connected: ac-yoesdyd-shard-00-00.koqfbyp.mongodb.net
2026-05-11 18:07:23 [info]: ✅ MongoDB Connected: ac-yoesdyd-shard-00-00.koqfbyp.mongodb.net
2026-05-11 18:07:23 [info]: ✅ MongoDB Connected: ac-yoesdyd-shard-00-00.koqfbyp.mongodb.net
2026-05-11 18:07:23 [info]: ✅ MongoDB Connected: ac-yoesdyd-shard-00-00.koqfbyp.mongodb.net
2026-05-11 18:08:09 [info]: ✅ MongoDB Connected: ac-yoesdyd-shard-00-02.koqfbyp.mongodb.net
2026-05-11 18:08:09 [info]: ✅ MongoDB Connected: ac-yoesdyd-shard-00-01.koqfbyp.mongodb.net
2026-05-11 18:08:09 [info]: ✅ MongoDB Connected: ac-yoesdyd-shard-00-00.koqfbyp.mongodb.net
2026-05-11 18:08:09 [info]: ✅ MongoDB Connected: ac-yoesdyd-shard-00-02.koqfbyp.mongodb.net
2026-05-11 18:08:09 [info]: ✅ MongoDB Connected: ac-yoesdyd-shard-00-01.koqfbyp.mongodb.net
2026-05-11 18:08:09 [info]: ✅ MongoDB Connected: ac-yoesdyd-shard-00-02.koqfbyp.mongodb.net
2026-05-11 18:08:09 [info]: ✅ MongoDB Connected: ac-yoesdyd-shard-00-01.koqfbyp.mongodb.net
2026-05-11 18:08:16 [info]: ✅ MongoDB Connected: ac-yoesdyd-shard-00-02.koqfbyp.mongodb.net
2026-05-11 18:08:16 [info]: ✅ MongoDB Connected: ac-yoesdyd-shard-00-00.koqfbyp.mongodb.net
2026-05-11 18:08:16 [info]: ✅ MongoDB Connected: ac-yoesdyd-shard-00-01.koqfbyp.mongodb.net
2026-05-11 18:08:16 [info]: ✅ MongoDB Connected: ac-yoesdyd-shard-00-02.koqfbyp.mongodb.net
2026-05-11 18:08:16 [info]: ✅ MongoDB Connected: ac-yoesdyd-shard-00-00.koqfbyp.mongodb.net
2026-05-11 18:08:16 [info]: ✅ MongoDB Connected: ac-yoesdyd-shard-00-01.koqfbyp.mongodb.net
2026-05-11 18:08:16 [info]: ✅ MongoDB Connected: ac-yoesdyd-shard-00-02.koqfbyp.mongodb.net
2026-05-11 18:08:23 [info]: ✅ MongoDB Connected: ac-yoesdyd-shard-00-00.koqfbyp.mongodb.net
2026-05-11 18:08:23 [info]: ✅ MongoDB Connected: ac-yoesdyd-shard-00-01.koqfbyp.mongodb.net
2026-05-11 18:08:23 [info]: ✅ MongoDB Connected: ac-yoesdyd-shard-00-02.koqfbyp.mongodb.net
2026-05-11 18:08:23 [info]: ✅ MongoDB Connected: ac-yoesdyd-shard-00-00.koqfbyp.mongodb.net
2026-05-11 18:08:23 [info]: ✅ MongoDB Connected: ac-yoesdyd-shard-00-01.koqfbyp.mongodb.net
2026-05-11 18:08:23 [info]: ✅ MongoDB Connected: ac-yoesdyd-shard-00-01.koqfbyp.mongodb.net
2026-05-11 18:08:23 [info]: ✅ MongoDB Connected: ac-yoesdyd-shard-00-00.koqfbyp.mongodb.net
2026-05-11 18:08:30 [info]: ✅ MongoDB Connected: ac-yoesdyd-shard-00-00.koqfbyp.mongodb.net
2026-05-11 18:08:30 [info]: ✅ MongoDB Connected: ac-yoesdyd-shard-00-00.koqfbyp.mongodb.net
2026-05-11 18:08:30 [info]: ✅ MongoDB Connected: ac-yoesdyd-shard-00-01.koqfbyp.mongodb.net
2026-05-11 18:08:30 [info]: ✅ MongoDB Connected: ac-yoesdyd-shard-00-02.koqfbyp.mongodb.net
2026-05-11 18:08:30 [info]: ✅ MongoDB Connected: ac-yoesdyd-shard-00-00.koqfbyp.mongodb.net
2026-05-11 18:08:30 [info]: ✅ MongoDB Connected: ac-yoesdyd-shard-00-01.koqfbyp.mongodb.net
2026-05-11 18:08:30 [info]: ✅ MongoDB Connected: ac-yoesdyd-shard-00-01.koqfbyp.mongodb.net
2026-05-11 18:08:37 [info]: ✅ MongoDB Connected: ac-yoesdyd-shard-00-00.koqfbyp.mongodb.net
2026-05-11 18:08:37 [info]: ✅ MongoDB Connected: ac-yoesdyd-shard-00-01.koqfbyp.mongodb.net
2026-05-11 18:08:38 [info]: ✅ MongoDB Connected: ac-yoesdyd-shard-00-02.koqfbyp.mongodb.net
2026-05-11 18:08:38 [info]: ✅ MongoDB Connected: ac-yoesdyd-shard-00-00.koqfbyp.mongodb.net
2026-05-11 18:08:38 [info]: ✅ MongoDB Connected: ac-yoesdyd-shard-00-01.koqfbyp.mongodb.net
2026-05-11 18:08:38 [info]: ✅ MongoDB Connected: ac-yoesdyd-shard-00-02.koqfbyp.mongodb.net
2026-05-11 18:08:38 [info]: ✅ MongoDB Connected: ac-yoesdyd-shard-00-02.koqfbyp.mongodb.net
2026-05-11 18:10:36 [info]: ✅ MongoDB Connected: ac-yoesdyd-shard-00-00.koqfbyp.mongodb.net
2026-05-11 18:10:36 [info]: ✅ MongoDB Connected: ac-yoesdyd-shard-00-01.koqfbyp.mongodb.net
2026-05-11 18:10:36 [info]: ✅ MongoDB Connected: ac-yoesdyd-shard-00-02.koqfbyp.mongodb.net
2026-05-11 18:10:36 [info]: ✅ MongoDB Connected: ac-yoesdyd-shard-00-00.koqfbyp.mongodb.net
2026-05-11 18:10:36 [info]: ✅ MongoDB Connected: ac-yoesdyd-shard-00-02.koqfbyp.mongodb.net
2026-05-11 18:10:37 [info]: ✅ MongoDB Connected: ac-yoesdyd-shard-00-01.koqfbyp.mongodb.net
2026-05-11 18:10:37 [info]: ✅ MongoDB Connected: ac-yoesdyd-shard-00-01.koqfbyp.mongodb.net
