
> frontend@0.0.0 dev
> vite --host 127.0.0.1 --port 5175


  [32m[1mVITE[22m v8.0.11[39m  [2mready in [0m[1m449[22m[2m[0m ms[22m

  [32m➜[39m  [1mLocal[22m:   [36mhttp://127.0.0.1:[1m5175[22m/[39m
[2m5:43:56 pm[22m [36m[1m[vite][22m[39m [90m[2m(client)[22m[39m [32mhmr update [39m[2m/src/App.jsx, /src/pages/tasks/TaskBoard.jsx, /src/pages/calendar/Calendar.jsx, /src/layouts/DashboardLayout.jsx, /src/pages/tracker/FieldBuilder.jsx, /src/pages/auth/Login.jsx, /src/pages/settings/EmailNotifSettings.jsx, /src/pages/media/MediaLibrary.jsx, /src/pages/settings/TelegramSettings.jsx, /src/pages/reports/ReportsDashboard.jsx, /src/pages/settings/EmailTemplates.jsx, /src/pages/tracker/DailyTracker.jsx, /src/pages/settings/SlackSettings.jsx and 2 more[22m
[2m5:44:11 pm[22m [36m[1m[vite][22m[39m [90m[2m(client)[22m[39m [32mhmr update [39m[2m/src/index.css[22m
[2m5:44:53 pm[22m [36m[1m[vite][22m[39m [90m[2m(client)[22m[39m [32mhmr update [39m[2m/src/App.jsx, /src/index.css[22m
[2m5:45:08 pm[22m [36m[1m[vite][22m[39m [90m[2m(client)[22m[39m [32mhmr update [39m[2m/src/layouts/DashboardLayout.jsx, /src/index.css[22m
[2m5:45:19 pm[22m [36m[1m[vite][22m[39m [90m[2m(client)[22m[39m [32mhmr update [39m[2m/src/layouts/DashboardLayout.jsx, /src/index.css[22m
[2m5:45:42 pm[22m [36m[1m[vite][22m[39m [90m[2m(client)[22m[39m [32mhmr update [39m[2m/src/App.jsx, /src/index.css[22m
[2m5:57:35 pm[22m [36m[1m[vite][22m[39m [90m[2m(client)[22m[39m [32mhmr update [39m[2m/src/index.css, /src/pages/reports/ReportsDashboard.jsx[22m
[2m5:57:40 pm[22m [36m[1m[vite][22m[39m [90m[2m(client)[22m[39m [32mhmr update [39m[2m/src/index.css, /src/pages/reports/ReportsDashboard.jsx[22m
[2m5:57:44 pm[22m [36m[1m[vite][22m[39m [90m[2m(client)[22m[39m [32mhmr update [39m[2m/src/index.css[22m
[2m5:57:51 pm[22m [36m[1m[vite][22m[39m [90m[2m(client)[22m[39m [32mhmr update [39m[2m/src/pages/reports/ReportsDashboard.jsx, /src/index.css[22m
[2m5:58:20 pm[22m [36m[1m[vite][22m[39m [90m[2m(client)[22m[39m [32mhmr update [39m[2m/src/pages/reports/ReportsDashboard.jsx, /src/index.css[22m
[2m6:01:58 pm[22m [36m[1m[vite][22m[39m [90m[2m(client)[22m[39m [32mhmr update [39m[2m/src/pages/reports/ReportsDashboard.jsx, /src/index.css[22m
[2m6:09:06 pm[22m [36m[1m[vite][22m[39m [90m[2m(client)[22m[39m [32mhmr update [39m[2m/src/index.css[22m
[2m6:09:22 pm[22m [36m[1m[vite][22m[39m [90m[2m(client)[22m[39m [32mhmr update [39m[2m/src/index.css[22m
[2m6:09:45 pm[22m [36m[1m[vite][22m[39m [90m[2m(client)[22m[39m [32mhmr update [39m[2m/src/index.css[22m
[2m6:10:08 pm[22m [36m[1m[vite][22m[39m [90m[2m(client)[22m[39m [32mhmr update [39m[2m/src/App.jsx, /src/index.css[22m
[2m6:10:12 pm[22m [36m[1m[vite][22m[39m [90m[2m(client)[22m[39m [32mhmr update [39m[2m/src/layouts/DashboardLayout.jsx, /src/index.css[22m
[2m6:11:08 pm[22m [36m[1m[vite][22m[39m [90m[2m(client)[22m[39m [32mhmr update [39m[2m/src/App.jsx, /src/index.css[22m
[2m6:11:11 pm[22m [36m[1m[vite][22m[39m [90m[2m(client)[22m[39m [32mhmr update [39m[2m/src/layouts/DashboardLayout.jsx, /src/index.css[22m
