[2m11:35:53 am[22m [31m[1m[vite][22m[39m [31m[2m(client)[22m[39m [31m[Unhandled error] [1mReferenceError[22m: Cannot access 'ApiKeySettings' before initialization
[39m > src/pages/settings/ApiKeySettings.jsx:3:15
    1  |  import ApiKeySettings from './ApiKeySettings';
    2  |  
    3  |  export default ApiKeySettings;
       |                 ^
    4  |  

[2m11:36:08 am[22m [31m[1m[vite][22m[39m [31m[2m(client)[22m[39m [31m[Unhandled error] [1mReferenceError[22m: Cannot access 'ApiKeySettings' before initialization
[39m > src/pages/settings/ApiKeySettings.jsx:3:15
    1  |  import ApiKeySettings from './ApiKeySettings';
    2  |  
    3  |  export default ApiKeySettings;
       |                 ^
    4  |  

[2m11:36:14 am[22m [31m[1m[vite][22m[39m [31m[2m(client)[22m[39m [31m[Unhandled error] [1mReferenceError[22m: Cannot access 'ApiKeySettings' before initialization
[39m > src/pages/settings/ApiKeySettings.jsx:3:15
    1  |  import ApiKeySettings from './ApiKeySettings';
    2  |  
    3  |  export default ApiKeySettings;
       |                 ^
    4  |  

